[2021-03-09 18:14:08] [60005] iBRM Job Already run shell script ==> {'memo': 'this job (IBRM_Incr_Level0.sh)  is already running', 'job_id': 3, 'tg_job_dtl_id': 209308}
[2021-03-09 18:18:13] [60005] iBRM Job Already run shell script ==> {'memo': 'this job (IBRM_Incr_Level0.sh)  is already running', 'job_id': 18, 'tg_job_dtl_id': 209309}
[2021-03-09 18:18:15] [60005] iBRM Job Already run shell script ==> {'memo': 'this job (IBRM_Incr_Level0.sh)  is already running', 'job_id': 18, 'tg_job_dtl_id': 209309}
[2021-03-09 18:27:27] [60005] iBRM Job Already run shell script ==> {'memo': 'this job (IBRM_Incr_Level0.sh)  is already running', 'job_id': 9, 'tg_job_dtl_id': 209312}
[2021-03-09 18:27:29] [60005] iBRM Job Already run shell script ==> {'memo': 'this job (IBRM_Incr_Level0.sh)  is already running', 'job_id': 9, 'tg_job_dtl_id': 209312}
[2021-03-09 18:36:10] [60005] iBRM Job Already run shell script ==> {'memo': 'this job (IBRM_Incr_Level1_Weekly.sh)  is already running', 'job_id': 38, 'tg_job_dtl_id': 209314}
[2021-03-09 18:36:12] [60005] iBRM Job Already run shell script ==> {'memo': 'this job (IBRM_Incr_Level1_Weekly.sh)  is already running', 'job_id': 38, 'tg_job_dtl_id': 209314}
[2021-03-09 18:38:15] [60005] iBRM Job Already run shell script ==> {'memo': 'this job (IBRM_Incr_Level0.sh)  is already running', 'job_id': 21, 'tg_job_dtl_id': 209315}
[2021-03-09 18:38:17] [60005] iBRM Job Already run shell script ==> {'memo': 'this job (IBRM_Incr_Level0.sh)  is already running', 'job_id': 21, 'tg_job_dtl_id': 209315}
[2021-03-09 18:48:26] [60005] iBRM Job Already run shell script ==> {'memo': 'this job (IBRM_Incr_Level0.sh)  is already running', 'job_id': 19, 'tg_job_dtl_id': 209316}
[2021-03-09 18:48:28] [60005] iBRM Job Already run shell script ==> {'memo': 'this job (IBRM_Incr_Level0.sh)  is already running', 'job_id': 19, 'tg_job_dtl_id': 209316}
[2021-03-09 18:48:30] [60005] iBRM Job Already run shell script ==> {'memo': 'this job (IBRM_Incr_Level0.sh)  is already running', 'job_id': 20, 'tg_job_dtl_id': 209317}
[2021-03-09 18:48:32] [60005] iBRM Job Already run shell script ==> {'memo': 'this job (IBRM_Incr_Level0.sh)  is already running', 'job_id': 20, 'tg_job_dtl_id': 209317}
[2021-03-09 18:57:09] [60005] iBRM Job Already run shell script ==> {'memo': 'this job (IBRM_Incr_Level1_Weekly.sh)  is already running', 'job_id': 42, 'tg_job_dtl_id': 209318}
[2021-03-09 18:57:11] [60005] iBRM Job Already run shell script ==> {'memo': 'this job (IBRM_Incr_Level1_Weekly.sh)  is already running', 'job_id': 42, 'tg_job_dtl_id': 209318}
[2021-03-09 19:19:00] [60005] iBRM Job Already run shell script ==> {'memo': 'this job (IBRM_Incr_Level0.sh)  is already running', 'job_id': 16, 'tg_job_dtl_id': 209320}
[2021-03-09 19:19:02] [60005] iBRM Job Already run shell script ==> {'memo': 'this job (IBRM_Incr_Level0.sh)  is already running', 'job_id': 16, 'tg_job_dtl_id': 209320}
[2021-03-09 19:40:19] [60005] iBRM Job Already run shell script ==> {'memo': 'this job (IBRM_Archive.sh)  is already running', 'job_id': 67, 'tg_job_dtl_id': 209321}
[2021-03-09 19:50:30] [60005] iBRM Job Already run shell script ==> {'memo': 'this job (IBRM_Incr_Level0.sh)  is already running', 'job_id': 52, 'tg_job_dtl_id': 209322}
[2021-03-09 20:30:02] [60005] iBRM Job Already run shell script ==> {'memo': 'this job (IBRM_Incr_Level0.sh)  is already running', 'job_id': 53, 'tg_job_dtl_id': 209324}
[2021-03-09 20:30:05] [60005] iBRM Job Already run shell script ==> {'memo': 'this job (IBRM_Incr_Level0.sh)  is already running', 'job_id': 84, 'tg_job_dtl_id': 209325}
[2021-03-09 20:30:07] [60005] iBRM Job Already run shell script ==> {'memo': 'this job (IBRM_Incr_Level0.sh)  is already running', 'job_id': 84, 'tg_job_dtl_id': 209325}
[2021-03-09 21:00:30] [60005] iBRM Job Already run shell script ==> {'memo': 'this job (test.sh)  is already running', 'job_id': 159, 'tg_job_dtl_id': 209326}
[2021-03-09 21:20:17] [60005] iBRM Job Already run shell script ==> {'memo': 'this job (IBRM_Run_DailyDataSnap.sh)  is already running', 'job_id': 96, 'tg_job_dtl_id': 209327}
[2021-03-09 21:40:04] [60005] iBRM Job Already run shell script ==> {'memo': 'this job (IBRM_Run_DailyDataSnap.sh)  is already running', 'job_id': 100, 'tg_job_dtl_id': 209328}
[2021-03-09 21:50:15] [60005] iBRM Job Already run shell script ==> {'memo': 'this job (IBRM_Run_DailyDataSnap.sh)  is already running', 'job_id': 102, 'tg_job_dtl_id': 209329}
[2021-03-09 22:20:08] [60005] iBRM Job Already run shell script ==> {'memo': 'this job (IBRM_Run_DailyDataSnap.sh)  is already running', 'job_id': 108, 'tg_job_dtl_id': 209330}
