[2021-03-25 17:02:23] [60005] iBRM Job Already run shell script ==> {'memo': 'this job (IBRM_Run_DailyDataSnap.sh)  is already running', 'job_id': 93, 'tg_job_dtl_id': 11162360}
[2021-03-25 17:02:28] [60005] iBRM Job Already run shell script ==> {'memo': 'this job (IBRM_Archive.sh)  is already running', 'job_id': 125, 'tg_job_dtl_id': 11162362}
[2021-03-25 17:02:30] [60005] iBRM Job Already run shell script ==> {'memo': 'this job (IBRM_Archive.sh)  is already running', 'job_id': 118, 'tg_job_dtl_id': 11162361}
[2021-03-25 17:02:32] [60005] iBRM Job Already run shell script ==> {'memo': 'this job (IBRM_Archive.sh)  is already running', 'job_id': 118, 'tg_job_dtl_id': 11162361}
[2021-03-25 17:05:05] [60005] iBRM Job Already run shell script ==> {'memo': 'this job (IBRM_Archive.sh)  is already running', 'job_id': 64, 'tg_job_dtl_id': 11162363}
[2021-03-25 17:05:07] [60005] iBRM Job Already run shell script ==> {'memo': 'this job (IBRM_Archive.sh)  is already running', 'job_id': 64, 'tg_job_dtl_id': 11162363}
[2021-03-25 17:20:13] [60005] iBRM Job Already run shell script ==> {'memo': 'this job (IBRM_Run_DailyDataSnap_20.sh)  is already running', 'job_id': 147, 'tg_job_dtl_id': 11162365}
[2021-03-25 17:20:17] [60005] iBRM Job Already run shell script ==> {'memo': 'this job (IBRM_Incr_Level1_Daily.sh)  is already running', 'job_id': 65, 'tg_job_dtl_id': 11162364}
[2021-03-25 17:30:24] [60005] iBRM Job Already run shell script ==> {'memo': 'this job (IBRM_Archive.sh)  is already running', 'job_id': 121, 'tg_job_dtl_id': 11162367}
[2021-03-25 17:44:32] [60005] iBRM Job Already run shell script ==> {'memo': 'this job (IBRM_Archive.sh)  is already running', 'job_id': 148, 'tg_job_dtl_id': 11162366}
[2021-03-25 17:45:04] [60005] iBRM Job Already run shell script ==> {'memo': 'this job (IBRM_Archive.sh)  is already running', 'job_id': 148, 'tg_job_dtl_id': 11162366}
[2021-03-25 17:45:06] [60005] iBRM Job Already run shell script ==> {'memo': 'this job (IBRM_Archive.sh)  is already running', 'job_id': 148, 'tg_job_dtl_id': 11162366}
[2021-03-25 17:45:39] [60005] iBRM Job Already run shell script ==> {'memo': 'this job (IBRM_Archive.sh)  is already running', 'job_id': 148, 'tg_job_dtl_id': 11162366}
[2021-03-25 17:45:41] [60005] iBRM Job Already run shell script ==> {'memo': 'this job (IBRM_Archive.sh)  is already running', 'job_id': 148, 'tg_job_dtl_id': 11162366}
[2021-03-25 17:46:13] [60005] iBRM Job Already run shell script ==> {'memo': 'this job (IBRM_Archive.sh)  is already running', 'job_id': 148, 'tg_job_dtl_id': 11162366}
[2021-03-25 17:46:15] [60005] iBRM Job Already run shell script ==> {'memo': 'this job (IBRM_Archive.sh)  is already running', 'job_id': 148, 'tg_job_dtl_id': 11162366}
[2021-03-25 17:46:47] [60005] iBRM Job Already run shell script ==> {'memo': 'this job (IBRM_Archive.sh)  is already running', 'job_id': 148, 'tg_job_dtl_id': 11162366}
[2021-03-25 17:46:49] [60005] iBRM Job Already run shell script ==> {'memo': 'this job (IBRM_Archive.sh)  is already running', 'job_id': 148, 'tg_job_dtl_id': 11162366}
[2021-03-25 17:47:23] [60005] iBRM Job Already run shell script ==> {'memo': 'this job (IBRM_Archive.sh)  is already running', 'job_id': 148, 'tg_job_dtl_id': 11162366}
[2021-03-25 17:47:55] [60005] iBRM Job Already run shell script ==> {'memo': 'this job (IBRM_Archive.sh)  is already running', 'job_id': 148, 'tg_job_dtl_id': 11162366}
[2021-03-25 17:47:57] [60005] iBRM Job Already run shell script ==> {'memo': 'this job (IBRM_Archive.sh)  is already running', 'job_id': 148, 'tg_job_dtl_id': 11162366}
[2021-03-25 17:48:30] [60005] iBRM Job Already run shell script ==> {'memo': 'this job (IBRM_Archive.sh)  is already running', 'job_id': 148, 'tg_job_dtl_id': 11162366}
[2021-03-25 17:48:32] [60005] iBRM Job Already run shell script ==> {'memo': 'this job (IBRM_Archive.sh)  is already running', 'job_id': 148, 'tg_job_dtl_id': 11162366}
[2021-03-25 17:49:04] [60005] iBRM Job Already run shell script ==> {'memo': 'this job (IBRM_Archive.sh)  is already running', 'job_id': 148, 'tg_job_dtl_id': 11162366}
[2021-03-25 17:49:06] [60005] iBRM Job Already run shell script ==> {'memo': 'this job (IBRM_Archive.sh)  is already running', 'job_id': 148, 'tg_job_dtl_id': 11162366}
[2021-03-25 17:49:38] [60005] iBRM Job Already run shell script ==> {'memo': 'this job (IBRM_Archive.sh)  is already running', 'job_id': 148, 'tg_job_dtl_id': 11162366}
[2021-03-25 17:49:40] [60005] iBRM Job Already run shell script ==> {'memo': 'this job (IBRM_Archive.sh)  is already running', 'job_id': 148, 'tg_job_dtl_id': 11162366}
[2021-03-25 17:50:14] [60005] iBRM Job Already run shell script ==> {'memo': 'this job (IBRM_Archive.sh)  is already running', 'job_id': 148, 'tg_job_dtl_id': 11162366}
[2021-03-25 17:50:46] [60005] iBRM Job Already run shell script ==> {'memo': 'this job (IBRM_Archive.sh)  is already running', 'job_id': 148, 'tg_job_dtl_id': 11162366}
[2021-03-25 17:50:48] [60005] iBRM Job Already run shell script ==> {'memo': 'this job (IBRM_Archive.sh)  is already running', 'job_id': 148, 'tg_job_dtl_id': 11162366}
[2021-03-25 17:51:21] [60005] iBRM Job Already run shell script ==> {'memo': 'this job (IBRM_Archive.sh)  is already running', 'job_id': 148, 'tg_job_dtl_id': 11162366}
[2021-03-25 17:51:23] [60005] iBRM Job Already run shell script ==> {'memo': 'this job (IBRM_Archive.sh)  is already running', 'job_id': 148, 'tg_job_dtl_id': 11162366}
[2021-03-25 17:51:55] [60005] iBRM Job Already run shell script ==> {'memo': 'this job (IBRM_Archive.sh)  is already running', 'job_id': 148, 'tg_job_dtl_id': 11162366}
[2021-03-25 17:51:57] [60005] iBRM Job Already run shell script ==> {'memo': 'this job (IBRM_Archive.sh)  is already running', 'job_id': 148, 'tg_job_dtl_id': 11162366}
[2021-03-25 17:52:29] [60005] iBRM Job Already run shell script ==> {'memo': 'this job (IBRM_Archive.sh)  is already running', 'job_id': 148, 'tg_job_dtl_id': 11162366}
[2021-03-25 17:52:31] [60005] iBRM Job Already run shell script ==> {'memo': 'this job (IBRM_Archive.sh)  is already running', 'job_id': 148, 'tg_job_dtl_id': 11162366}
[2021-03-25 17:53:05] [60005] iBRM Job Already run shell script ==> {'memo': 'this job (IBRM_Archive.sh)  is already running', 'job_id': 148, 'tg_job_dtl_id': 11162366}
[2021-03-25 17:53:38] [60005] iBRM Job Already run shell script ==> {'memo': 'this job (IBRM_Archive.sh)  is already running', 'job_id': 148, 'tg_job_dtl_id': 11162366}
[2021-03-25 17:53:40] [60005] iBRM Job Already run shell script ==> {'memo': 'this job (IBRM_Archive.sh)  is already running', 'job_id': 148, 'tg_job_dtl_id': 11162366}
[2021-03-25 17:54:12] [60005] iBRM Job Already run shell script ==> {'memo': 'this job (IBRM_Archive.sh)  is already running', 'job_id': 148, 'tg_job_dtl_id': 11162366}
[2021-03-25 17:54:14] [60005] iBRM Job Already run shell script ==> {'memo': 'this job (IBRM_Archive.sh)  is already running', 'job_id': 148, 'tg_job_dtl_id': 11162366}
[2021-03-25 17:54:46] [60005] iBRM Job Already run shell script ==> {'memo': 'this job (IBRM_Archive.sh)  is already running', 'job_id': 148, 'tg_job_dtl_id': 11162366}
[2021-03-25 17:54:48] [60005] iBRM Job Already run shell script ==> {'memo': 'this job (IBRM_Archive.sh)  is already running', 'job_id': 148, 'tg_job_dtl_id': 11162366}
[2021-03-25 17:55:20] [60005] iBRM Job Already run shell script ==> {'memo': 'this job (IBRM_Archive.sh)  is already running', 'job_id': 148, 'tg_job_dtl_id': 11162366}
[2021-03-25 17:55:22] [60005] iBRM Job Already run shell script ==> {'memo': 'this job (IBRM_Archive.sh)  is already running', 'job_id': 148, 'tg_job_dtl_id': 11162366}
[2021-03-25 17:56:01] [60005] iBRM Job Already run shell script ==> {'memo': 'this job (IBRM_Archive.sh)  is already running', 'job_id': 148, 'tg_job_dtl_id': 11162366}
[2021-03-25 17:56:33] [60005] iBRM Job Already run shell script ==> {'memo': 'this job (IBRM_Archive.sh)  is already running', 'job_id': 148, 'tg_job_dtl_id': 11162366}
[2021-03-25 17:56:35] [60005] iBRM Job Already run shell script ==> {'memo': 'this job (IBRM_Archive.sh)  is already running', 'job_id': 148, 'tg_job_dtl_id': 11162366}
[2021-03-25 17:57:07] [60005] iBRM Job Already run shell script ==> {'memo': 'this job (IBRM_Archive.sh)  is already running', 'job_id': 148, 'tg_job_dtl_id': 11162366}
[2021-03-25 17:57:09] [60005] iBRM Job Already run shell script ==> {'memo': 'this job (IBRM_Archive.sh)  is already running', 'job_id': 148, 'tg_job_dtl_id': 11162366}
[2021-03-25 17:57:41] [60005] iBRM Job Already run shell script ==> {'memo': 'this job (IBRM_Archive.sh)  is already running', 'job_id': 148, 'tg_job_dtl_id': 11162366}
[2021-03-25 17:57:43] [60005] iBRM Job Already run shell script ==> {'memo': 'this job (IBRM_Archive.sh)  is already running', 'job_id': 148, 'tg_job_dtl_id': 11162366}
[2021-03-25 17:58:16] [60005] iBRM Job Already run shell script ==> {'memo': 'this job (IBRM_Archive.sh)  is already running', 'job_id': 148, 'tg_job_dtl_id': 11162366}
[2021-03-25 17:58:18] [60005] iBRM Job Already run shell script ==> {'memo': 'this job (IBRM_Archive.sh)  is already running', 'job_id': 148, 'tg_job_dtl_id': 11162366}
[2021-03-25 17:58:52] [60005] iBRM Job Already run shell script ==> {'memo': 'this job (IBRM_Archive.sh)  is already running', 'job_id': 148, 'tg_job_dtl_id': 11162366}
[2021-03-25 17:59:24] [60005] iBRM Job Already run shell script ==> {'memo': 'this job (IBRM_Archive.sh)  is already running', 'job_id': 148, 'tg_job_dtl_id': 11162366}
[2021-03-25 17:59:26] [60005] iBRM Job Already run shell script ==> {'memo': 'this job (IBRM_Archive.sh)  is already running', 'job_id': 148, 'tg_job_dtl_id': 11162366}
[2021-03-25 17:59:58] [60005] iBRM Job Already run shell script ==> {'memo': 'this job (IBRM_Archive.sh)  is already running', 'job_id': 148, 'tg_job_dtl_id': 11162366}
[2021-03-25 18:00:00] [60005] iBRM Job Already run shell script ==> {'memo': 'this job (IBRM_Archive.sh)  is already running', 'job_id': 148, 'tg_job_dtl_id': 11162366}
[2021-03-25 18:00:32] [60005] iBRM Job Already run shell script ==> {'memo': 'this job (IBRM_Archive.sh)  is already running', 'job_id': 148, 'tg_job_dtl_id': 11162366}
[2021-03-25 18:00:34] [60005] iBRM Job Already run shell script ==> {'memo': 'this job (IBRM_Archive.sh)  is already running', 'job_id': 148, 'tg_job_dtl_id': 11162366}
[2021-03-25 18:01:07] [60005] iBRM Job Already run shell script ==> {'memo': 'this job (IBRM_Archive.sh)  is already running', 'job_id': 148, 'tg_job_dtl_id': 11162366}
[2021-03-25 18:01:09] [60005] iBRM Job Already run shell script ==> {'memo': 'this job (IBRM_Archive.sh)  is already running', 'job_id': 148, 'tg_job_dtl_id': 11162366}
[2021-03-25 18:01:43] [60005] iBRM Job Already run shell script ==> {'memo': 'this job (IBRM_Archive.sh)  is already running', 'job_id': 148, 'tg_job_dtl_id': 11162366}
[2021-03-25 18:02:15] [60005] iBRM Job Already run shell script ==> {'memo': 'this job (IBRM_Archive.sh)  is already running', 'job_id': 148, 'tg_job_dtl_id': 11162366}
[2021-03-25 18:02:17] [60005] iBRM Job Already run shell script ==> {'memo': 'this job (IBRM_Archive.sh)  is already running', 'job_id': 148, 'tg_job_dtl_id': 11162366}
[2021-03-25 18:02:49] [60005] iBRM Job Already run shell script ==> {'memo': 'this job (IBRM_Archive.sh)  is already running', 'job_id': 148, 'tg_job_dtl_id': 11162366}
[2021-03-25 18:02:51] [60005] iBRM Job Already run shell script ==> {'memo': 'this job (IBRM_Archive.sh)  is already running', 'job_id': 148, 'tg_job_dtl_id': 11162366}
[2021-03-25 18:03:23] [60005] iBRM Job Already run shell script ==> {'memo': 'this job (IBRM_Archive.sh)  is already running', 'job_id': 148, 'tg_job_dtl_id': 11162366}
[2021-03-25 18:03:25] [60005] iBRM Job Already run shell script ==> {'memo': 'this job (IBRM_Archive.sh)  is already running', 'job_id': 148, 'tg_job_dtl_id': 11162366}
[2021-03-25 18:03:58] [60005] iBRM Job Already run shell script ==> {'memo': 'this job (IBRM_Archive.sh)  is already running', 'job_id': 148, 'tg_job_dtl_id': 11162366}
[2021-03-25 18:04:00] [60005] iBRM Job Already run shell script ==> {'memo': 'this job (IBRM_Archive.sh)  is already running', 'job_id': 148, 'tg_job_dtl_id': 11162366}
[2021-03-25 18:04:34] [60005] iBRM Job Already run shell script ==> {'memo': 'this job (IBRM_Archive.sh)  is already running', 'job_id': 148, 'tg_job_dtl_id': 11162366}
[2021-03-25 18:05:06] [60005] iBRM Job Already run shell script ==> {'memo': 'this job (IBRM_Archive.sh)  is already running', 'job_id': 148, 'tg_job_dtl_id': 11162366}
[2021-03-25 18:05:08] [60005] iBRM Job Already run shell script ==> {'memo': 'this job (IBRM_Archive.sh)  is already running', 'job_id': 148, 'tg_job_dtl_id': 11162366}
[2021-03-25 18:05:40] [60005] iBRM Job Already run shell script ==> {'memo': 'this job (IBRM_Archive.sh)  is already running', 'job_id': 148, 'tg_job_dtl_id': 11162366}
[2021-03-25 18:05:42] [60005] iBRM Job Already run shell script ==> {'memo': 'this job (IBRM_Archive.sh)  is already running', 'job_id': 148, 'tg_job_dtl_id': 11162366}
[2021-03-25 18:06:15] [60005] iBRM Job Already run shell script ==> {'memo': 'this job (IBRM_Archive.sh)  is already running', 'job_id': 148, 'tg_job_dtl_id': 11162366}
[2021-03-25 18:06:17] [60005] iBRM Job Already run shell script ==> {'memo': 'this job (IBRM_Archive.sh)  is already running', 'job_id': 148, 'tg_job_dtl_id': 11162366}
[2021-03-25 18:06:49] [60005] iBRM Job Already run shell script ==> {'memo': 'this job (IBRM_Archive.sh)  is already running', 'job_id': 148, 'tg_job_dtl_id': 11162366}
[2021-03-25 18:06:51] [60005] iBRM Job Already run shell script ==> {'memo': 'this job (IBRM_Archive.sh)  is already running', 'job_id': 148, 'tg_job_dtl_id': 11162366}
[2021-03-25 18:07:25] [60005] iBRM Job Already run shell script ==> {'memo': 'this job (IBRM_Archive.sh)  is already running', 'job_id': 148, 'tg_job_dtl_id': 11162366}
[2021-03-25 18:07:57] [60005] iBRM Job Already run shell script ==> {'memo': 'this job (IBRM_Archive.sh)  is already running', 'job_id': 148, 'tg_job_dtl_id': 11162366}
[2021-03-25 18:07:59] [60005] iBRM Job Already run shell script ==> {'memo': 'this job (IBRM_Archive.sh)  is already running', 'job_id': 148, 'tg_job_dtl_id': 11162366}
[2021-03-25 18:08:31] [60005] iBRM Job Already run shell script ==> {'memo': 'this job (IBRM_Archive.sh)  is already running', 'job_id': 148, 'tg_job_dtl_id': 11162366}
[2021-03-25 18:08:33] [60005] iBRM Job Already run shell script ==> {'memo': 'this job (IBRM_Archive.sh)  is already running', 'job_id': 148, 'tg_job_dtl_id': 11162366}
[2021-03-25 18:09:06] [60005] iBRM Job Already run shell script ==> {'memo': 'this job (IBRM_Archive.sh)  is already running', 'job_id': 148, 'tg_job_dtl_id': 11162366}
[2021-03-25 18:09:08] [60005] iBRM Job Already run shell script ==> {'memo': 'this job (IBRM_Archive.sh)  is already running', 'job_id': 148, 'tg_job_dtl_id': 11162366}
[2021-03-25 18:09:40] [60005] iBRM Job Already run shell script ==> {'memo': 'this job (IBRM_Archive.sh)  is already running', 'job_id': 148, 'tg_job_dtl_id': 11162366}
[2021-03-25 18:09:42] [60005] iBRM Job Already run shell script ==> {'memo': 'this job (IBRM_Archive.sh)  is already running', 'job_id': 148, 'tg_job_dtl_id': 11162366}
[2021-03-25 18:10:16] [60005] iBRM Job Already run shell script ==> {'memo': 'this job (IBRM_Archive.sh)  is already running', 'job_id': 148, 'tg_job_dtl_id': 11162366}
[2021-03-25 18:10:48] [60005] iBRM Job Already run shell script ==> {'memo': 'this job (IBRM_Archive.sh)  is already running', 'job_id': 148, 'tg_job_dtl_id': 11162366}
[2021-03-25 18:10:50] [60005] iBRM Job Already run shell script ==> {'memo': 'this job (IBRM_Archive.sh)  is already running', 'job_id': 148, 'tg_job_dtl_id': 11162366}
[2021-03-25 18:11:22] [60005] iBRM Job Already run shell script ==> {'memo': 'this job (IBRM_Archive.sh)  is already running', 'job_id': 148, 'tg_job_dtl_id': 11162366}
[2021-03-25 18:11:24] [60005] iBRM Job Already run shell script ==> {'memo': 'this job (IBRM_Archive.sh)  is already running', 'job_id': 148, 'tg_job_dtl_id': 11162366}
[2021-03-25 18:11:57] [60005] iBRM Job Already run shell script ==> {'memo': 'this job (IBRM_Archive.sh)  is already running', 'job_id': 148, 'tg_job_dtl_id': 11162366}
[2021-03-25 18:11:59] [60005] iBRM Job Already run shell script ==> {'memo': 'this job (IBRM_Archive.sh)  is already running', 'job_id': 148, 'tg_job_dtl_id': 11162366}
[2021-03-25 18:12:31] [60005] iBRM Job Already run shell script ==> {'memo': 'this job (IBRM_Archive.sh)  is already running', 'job_id': 148, 'tg_job_dtl_id': 11162366}
[2021-03-25 18:12:33] [60005] iBRM Job Already run shell script ==> {'memo': 'this job (IBRM_Archive.sh)  is already running', 'job_id': 148, 'tg_job_dtl_id': 11162366}
[2021-03-25 18:13:07] [60005] iBRM Job Already run shell script ==> {'memo': 'this job (IBRM_Archive.sh)  is already running', 'job_id': 148, 'tg_job_dtl_id': 11162366}
[2021-03-25 18:13:39] [60005] iBRM Job Already run shell script ==> {'memo': 'this job (IBRM_Archive.sh)  is already running', 'job_id': 148, 'tg_job_dtl_id': 11162366}
[2021-03-25 18:13:41] [60005] iBRM Job Already run shell script ==> {'memo': 'this job (IBRM_Archive.sh)  is already running', 'job_id': 148, 'tg_job_dtl_id': 11162366}
[2021-03-25 18:14:13] [60005] iBRM Job Already run shell script ==> {'memo': 'this job (IBRM_Archive.sh)  is already running', 'job_id': 148, 'tg_job_dtl_id': 11162366}
[2021-03-25 18:14:15] [60005] iBRM Job Already run shell script ==> {'memo': 'this job (IBRM_Archive.sh)  is already running', 'job_id': 148, 'tg_job_dtl_id': 11162366}
[2021-03-25 18:14:20] [60005] iBRM Job Already run shell script ==> {'memo': 'this job (IBRM_Incr_Level0.sh)  is already running', 'job_id': 3, 'tg_job_dtl_id': 11162369}
[2021-03-25 18:14:52] [60005] iBRM Job Already run shell script ==> {'memo': 'this job (IBRM_Archive.sh)  is already running', 'job_id': 148, 'tg_job_dtl_id': 11162366}
[2021-03-25 18:14:54] [60005] iBRM Job Already run shell script ==> {'memo': 'this job (IBRM_Archive.sh)  is already running', 'job_id': 148, 'tg_job_dtl_id': 11162366}
[2021-03-25 18:15:26] [60005] iBRM Job Already run shell script ==> {'memo': 'this job (IBRM_Archive.sh)  is already running', 'job_id': 148, 'tg_job_dtl_id': 11162366}
[2021-03-25 18:15:28] [60005] iBRM Job Already run shell script ==> {'memo': 'this job (IBRM_Archive.sh)  is already running', 'job_id': 148, 'tg_job_dtl_id': 11162366}
[2021-03-25 18:16:00] [60005] iBRM Job Already run shell script ==> {'memo': 'this job (IBRM_Archive.sh)  is already running', 'job_id': 148, 'tg_job_dtl_id': 11162366}
[2021-03-25 18:16:02] [60005] iBRM Job Already run shell script ==> {'memo': 'this job (IBRM_Archive.sh)  is already running', 'job_id': 148, 'tg_job_dtl_id': 11162366}
[2021-03-25 18:16:34] [60005] iBRM Job Already run shell script ==> {'memo': 'this job (IBRM_Archive.sh)  is already running', 'job_id': 148, 'tg_job_dtl_id': 11162366}
[2021-03-25 18:16:36] [60005] iBRM Job Already run shell script ==> {'memo': 'this job (IBRM_Archive.sh)  is already running', 'job_id': 148, 'tg_job_dtl_id': 11162366}
[2021-03-25 18:17:09] [60005] iBRM Job Already run shell script ==> {'memo': 'this job (IBRM_Archive.sh)  is already running', 'job_id': 148, 'tg_job_dtl_id': 11162366}
[2021-03-25 18:17:11] [60005] iBRM Job Already run shell script ==> {'memo': 'this job (IBRM_Archive.sh)  is already running', 'job_id': 148, 'tg_job_dtl_id': 11162366}
[2021-03-25 18:17:43] [60005] iBRM Job Already run shell script ==> {'memo': 'this job (IBRM_Archive.sh)  is already running', 'job_id': 148, 'tg_job_dtl_id': 11162366}
[2021-03-25 18:17:45] [60005] iBRM Job Already run shell script ==> {'memo': 'this job (IBRM_Archive.sh)  is already running', 'job_id': 148, 'tg_job_dtl_id': 11162366}
[2021-03-25 18:18:17] [60005] iBRM Job Already run shell script ==> {'memo': 'this job (IBRM_Archive.sh)  is already running', 'job_id': 148, 'tg_job_dtl_id': 11162366}
[2021-03-25 18:18:19] [60005] iBRM Job Already run shell script ==> {'memo': 'this job (IBRM_Archive.sh)  is already running', 'job_id': 148, 'tg_job_dtl_id': 11162366}
[2021-03-25 18:18:21] [60005] iBRM Job Already run shell script ==> {'memo': 'this job (IBRM_Incr_Level0.sh)  is already running', 'job_id': 18, 'tg_job_dtl_id': 11162370}
[2021-03-25 18:18:23] [60005] iBRM Job Already run shell script ==> {'memo': 'this job (IBRM_Incr_Level0.sh)  is already running', 'job_id': 18, 'tg_job_dtl_id': 11162370}
[2021-03-25 18:18:55] [60005] iBRM Job Already run shell script ==> {'memo': 'this job (IBRM_Archive.sh)  is already running', 'job_id': 148, 'tg_job_dtl_id': 11162366}
[2021-03-25 18:18:57] [60005] iBRM Job Already run shell script ==> {'memo': 'this job (IBRM_Archive.sh)  is already running', 'job_id': 148, 'tg_job_dtl_id': 11162366}
[2021-03-25 18:19:30] [60005] iBRM Job Already run shell script ==> {'memo': 'this job (IBRM_Archive.sh)  is already running', 'job_id': 148, 'tg_job_dtl_id': 11162366}
[2021-03-25 18:19:32] [60005] iBRM Job Already run shell script ==> {'memo': 'this job (IBRM_Archive.sh)  is already running', 'job_id': 148, 'tg_job_dtl_id': 11162366}
[2021-03-25 18:20:04] [60005] iBRM Job Already run shell script ==> {'memo': 'this job (IBRM_Archive.sh)  is already running', 'job_id': 148, 'tg_job_dtl_id': 11162366}
[2021-03-25 18:20:06] [60005] iBRM Job Already run shell script ==> {'memo': 'this job (IBRM_Archive.sh)  is already running', 'job_id': 148, 'tg_job_dtl_id': 11162366}
[2021-03-25 18:20:38] [60005] iBRM Job Already run shell script ==> {'memo': 'this job (IBRM_Archive.sh)  is already running', 'job_id': 148, 'tg_job_dtl_id': 11162366}
[2021-03-25 18:20:40] [60005] iBRM Job Already run shell script ==> {'memo': 'this job (IBRM_Archive.sh)  is already running', 'job_id': 148, 'tg_job_dtl_id': 11162366}
[2021-03-25 18:21:12] [60005] iBRM Job Already run shell script ==> {'memo': 'this job (IBRM_Archive.sh)  is already running', 'job_id': 148, 'tg_job_dtl_id': 11162366}
[2021-03-25 18:21:14] [60005] iBRM Job Already run shell script ==> {'memo': 'this job (IBRM_Archive.sh)  is already running', 'job_id': 148, 'tg_job_dtl_id': 11162366}
[2021-03-25 18:21:46] [60005] iBRM Job Already run shell script ==> {'memo': 'this job (IBRM_Archive.sh)  is already running', 'job_id': 148, 'tg_job_dtl_id': 11162366}
[2021-03-25 18:21:48] [60005] iBRM Job Already run shell script ==> {'memo': 'this job (IBRM_Archive.sh)  is already running', 'job_id': 148, 'tg_job_dtl_id': 11162366}
[2021-03-25 18:22:21] [60005] iBRM Job Already run shell script ==> {'memo': 'this job (IBRM_Archive.sh)  is already running', 'job_id': 148, 'tg_job_dtl_id': 11162366}
[2021-03-25 18:22:23] [60005] iBRM Job Already run shell script ==> {'memo': 'this job (IBRM_Archive.sh)  is already running', 'job_id': 148, 'tg_job_dtl_id': 11162366}
[2021-03-25 18:22:55] [60005] iBRM Job Already run shell script ==> {'memo': 'this job (IBRM_Archive.sh)  is already running', 'job_id': 148, 'tg_job_dtl_id': 11162366}
[2021-03-25 18:22:57] [60005] iBRM Job Already run shell script ==> {'memo': 'this job (IBRM_Archive.sh)  is already running', 'job_id': 148, 'tg_job_dtl_id': 11162366}
[2021-03-25 18:23:29] [60005] iBRM Job Already run shell script ==> {'memo': 'this job (IBRM_Archive.sh)  is already running', 'job_id': 148, 'tg_job_dtl_id': 11162366}
[2021-03-25 18:23:31] [60005] iBRM Job Already run shell script ==> {'memo': 'this job (IBRM_Archive.sh)  is already running', 'job_id': 148, 'tg_job_dtl_id': 11162366}
[2021-03-25 18:24:03] [60005] iBRM Job Already run shell script ==> {'memo': 'this job (IBRM_Archive.sh)  is already running', 'job_id': 148, 'tg_job_dtl_id': 11162366}
[2021-03-25 18:24:05] [60005] iBRM Job Already run shell script ==> {'memo': 'this job (IBRM_Archive.sh)  is already running', 'job_id': 148, 'tg_job_dtl_id': 11162366}
[2021-03-25 18:24:37] [60005] iBRM Job Already run shell script ==> {'memo': 'this job (IBRM_Archive.sh)  is already running', 'job_id': 148, 'tg_job_dtl_id': 11162366}
[2021-03-25 18:24:39] [60005] iBRM Job Already run shell script ==> {'memo': 'this job (IBRM_Archive.sh)  is already running', 'job_id': 148, 'tg_job_dtl_id': 11162366}
[2021-03-25 18:25:16] [60005] iBRM Job Already run shell script ==> {'memo': 'this job (IBRM_Archive.sh)  is already running', 'job_id': 148, 'tg_job_dtl_id': 11162366}
[2021-03-25 18:25:18] [60005] iBRM Job Already run shell script ==> {'memo': 'this job (IBRM_Archive.sh)  is already running', 'job_id': 148, 'tg_job_dtl_id': 11162366}
[2021-03-25 18:25:50] [60005] iBRM Job Already run shell script ==> {'memo': 'this job (IBRM_Archive.sh)  is already running', 'job_id': 148, 'tg_job_dtl_id': 11162366}
[2021-03-25 18:25:52] [60005] iBRM Job Already run shell script ==> {'memo': 'this job (IBRM_Archive.sh)  is already running', 'job_id': 148, 'tg_job_dtl_id': 11162366}
[2021-03-25 18:26:24] [60005] iBRM Job Already run shell script ==> {'memo': 'this job (IBRM_Archive.sh)  is already running', 'job_id': 148, 'tg_job_dtl_id': 11162366}
[2021-03-25 18:26:26] [60005] iBRM Job Already run shell script ==> {'memo': 'this job (IBRM_Archive.sh)  is already running', 'job_id': 148, 'tg_job_dtl_id': 11162366}
[2021-03-25 18:26:59] [60005] iBRM Job Already run shell script ==> {'memo': 'this job (IBRM_Archive.sh)  is already running', 'job_id': 148, 'tg_job_dtl_id': 11162366}
[2021-03-25 18:27:01] [60005] iBRM Job Already run shell script ==> {'memo': 'this job (IBRM_Archive.sh)  is already running', 'job_id': 148, 'tg_job_dtl_id': 11162366}
[2021-03-25 18:27:33] [60005] iBRM Job Already run shell script ==> {'memo': 'this job (IBRM_Archive.sh)  is already running', 'job_id': 148, 'tg_job_dtl_id': 11162366}
[2021-03-25 18:27:35] [60005] iBRM Job Already run shell script ==> {'memo': 'this job (IBRM_Archive.sh)  is already running', 'job_id': 148, 'tg_job_dtl_id': 11162366}
[2021-03-25 18:27:37] [60005] iBRM Job Already run shell script ==> {'memo': 'this job (IBRM_Incr_Level0.sh)  is already running', 'job_id': 9, 'tg_job_dtl_id': 11162373}
[2021-03-25 18:27:39] [60005] iBRM Job Already run shell script ==> {'memo': 'this job (IBRM_Incr_Level0.sh)  is already running', 'job_id': 9, 'tg_job_dtl_id': 11162373}
[2021-03-25 18:28:11] [60005] iBRM Job Already run shell script ==> {'memo': 'this job (IBRM_Archive.sh)  is already running', 'job_id': 148, 'tg_job_dtl_id': 11162366}
[2021-03-25 18:28:13] [60005] iBRM Job Already run shell script ==> {'memo': 'this job (IBRM_Archive.sh)  is already running', 'job_id': 148, 'tg_job_dtl_id': 11162366}
[2021-03-25 18:28:17] [60005] iBRM Job Already run shell script ==> {'memo': 'this job (IBRM_Incr_Level1_Daily.sh)  is already running', 'job_id': 30, 'tg_job_dtl_id': 11162374}
[2021-03-25 18:28:50] [60005] iBRM Job Already run shell script ==> {'memo': 'this job (IBRM_Archive.sh)  is already running', 'job_id': 148, 'tg_job_dtl_id': 11162366}
[2021-03-25 18:28:52] [60005] iBRM Job Already run shell script ==> {'memo': 'this job (IBRM_Archive.sh)  is already running', 'job_id': 148, 'tg_job_dtl_id': 11162366}
[2021-03-25 18:29:24] [60005] iBRM Job Already run shell script ==> {'memo': 'this job (IBRM_Archive.sh)  is already running', 'job_id': 148, 'tg_job_dtl_id': 11162366}
[2021-03-25 18:29:26] [60005] iBRM Job Already run shell script ==> {'memo': 'this job (IBRM_Archive.sh)  is already running', 'job_id': 148, 'tg_job_dtl_id': 11162366}
[2021-03-25 18:29:58] [60005] iBRM Job Already run shell script ==> {'memo': 'this job (IBRM_Archive.sh)  is already running', 'job_id': 148, 'tg_job_dtl_id': 11162366}
[2021-03-25 18:30:00] [60005] iBRM Job Already run shell script ==> {'memo': 'this job (IBRM_Archive.sh)  is already running', 'job_id': 148, 'tg_job_dtl_id': 11162366}
[2021-03-25 18:30:32] [60005] iBRM Job Already run shell script ==> {'memo': 'this job (IBRM_Archive.sh)  is already running', 'job_id': 148, 'tg_job_dtl_id': 11162366}
[2021-03-25 18:30:34] [60005] iBRM Job Already run shell script ==> {'memo': 'this job (IBRM_Archive.sh)  is already running', 'job_id': 148, 'tg_job_dtl_id': 11162366}
[2021-03-25 18:31:06] [60005] iBRM Job Already run shell script ==> {'memo': 'this job (IBRM_Archive.sh)  is already running', 'job_id': 148, 'tg_job_dtl_id': 11162366}
[2021-03-25 18:31:08] [60005] iBRM Job Already run shell script ==> {'memo': 'this job (IBRM_Archive.sh)  is already running', 'job_id': 148, 'tg_job_dtl_id': 11162366}
[2021-03-25 18:31:41] [60005] iBRM Job Already run shell script ==> {'memo': 'this job (IBRM_Archive.sh)  is already running', 'job_id': 148, 'tg_job_dtl_id': 11162366}
[2021-03-25 18:31:43] [60005] iBRM Job Already run shell script ==> {'memo': 'this job (IBRM_Archive.sh)  is already running', 'job_id': 148, 'tg_job_dtl_id': 11162366}
[2021-03-25 18:32:15] [60005] iBRM Job Already run shell script ==> {'memo': 'this job (IBRM_Archive.sh)  is already running', 'job_id': 148, 'tg_job_dtl_id': 11162366}
[2021-03-25 18:32:17] [60005] iBRM Job Already run shell script ==> {'memo': 'this job (IBRM_Archive.sh)  is already running', 'job_id': 148, 'tg_job_dtl_id': 11162366}
[2021-03-25 18:32:49] [60005] iBRM Job Already run shell script ==> {'memo': 'this job (IBRM_Archive.sh)  is already running', 'job_id': 148, 'tg_job_dtl_id': 11162366}
[2021-03-25 18:32:51] [60005] iBRM Job Already run shell script ==> {'memo': 'this job (IBRM_Archive.sh)  is already running', 'job_id': 148, 'tg_job_dtl_id': 11162366}
[2021-03-25 18:33:23] [60005] iBRM Job Already run shell script ==> {'memo': 'this job (IBRM_Archive.sh)  is already running', 'job_id': 148, 'tg_job_dtl_id': 11162366}
[2021-03-25 18:33:25] [60005] iBRM Job Already run shell script ==> {'memo': 'this job (IBRM_Archive.sh)  is already running', 'job_id': 148, 'tg_job_dtl_id': 11162366}
[2021-03-25 18:33:57] [60005] iBRM Job Already run shell script ==> {'memo': 'this job (IBRM_Archive.sh)  is already running', 'job_id': 148, 'tg_job_dtl_id': 11162366}
[2021-03-25 18:33:59] [60005] iBRM Job Already run shell script ==> {'memo': 'this job (IBRM_Archive.sh)  is already running', 'job_id': 148, 'tg_job_dtl_id': 11162366}
[2021-03-25 18:34:32] [60005] iBRM Job Already run shell script ==> {'memo': 'this job (IBRM_Archive.sh)  is already running', 'job_id': 148, 'tg_job_dtl_id': 11162366}
[2021-03-25 18:34:34] [60005] iBRM Job Already run shell script ==> {'memo': 'this job (IBRM_Archive.sh)  is already running', 'job_id': 148, 'tg_job_dtl_id': 11162366}
[2021-03-25 18:35:06] [60005] iBRM Job Already run shell script ==> {'memo': 'this job (IBRM_Archive.sh)  is already running', 'job_id': 148, 'tg_job_dtl_id': 11162366}
[2021-03-25 18:35:08] [60005] iBRM Job Already run shell script ==> {'memo': 'this job (IBRM_Archive.sh)  is already running', 'job_id': 148, 'tg_job_dtl_id': 11162366}
[2021-03-25 18:35:40] [60005] iBRM Job Already run shell script ==> {'memo': 'this job (IBRM_Archive.sh)  is already running', 'job_id': 148, 'tg_job_dtl_id': 11162366}
[2021-03-25 18:35:42] [60005] iBRM Job Already run shell script ==> {'memo': 'this job (IBRM_Archive.sh)  is already running', 'job_id': 148, 'tg_job_dtl_id': 11162366}
[2021-03-25 18:36:14] [60005] iBRM Job Already run shell script ==> {'memo': 'this job (IBRM_Incr_Level1_Weekly.sh)  is already running', 'job_id': 38, 'tg_job_dtl_id': 11162375}
[2021-03-25 18:36:16] [60005] iBRM Job Already run shell script ==> {'memo': 'this job (IBRM_Incr_Level1_Weekly.sh)  is already running', 'job_id': 38, 'tg_job_dtl_id': 11162375}
[2021-03-25 18:36:18] [60005] iBRM Job Already run shell script ==> {'memo': 'this job (IBRM_Archive.sh)  is already running', 'job_id': 148, 'tg_job_dtl_id': 11162366}
[2021-03-25 18:36:20] [60005] iBRM Job Already run shell script ==> {'memo': 'this job (IBRM_Archive.sh)  is already running', 'job_id': 148, 'tg_job_dtl_id': 11162366}
[2021-03-25 18:36:53] [60005] iBRM Job Already run shell script ==> {'memo': 'this job (IBRM_Archive.sh)  is already running', 'job_id': 148, 'tg_job_dtl_id': 11162366}
[2021-03-25 18:36:55] [60005] iBRM Job Already run shell script ==> {'memo': 'this job (IBRM_Archive.sh)  is already running', 'job_id': 148, 'tg_job_dtl_id': 11162366}
[2021-03-25 18:37:27] [60005] iBRM Job Already run shell script ==> {'memo': 'this job (IBRM_Archive.sh)  is already running', 'job_id': 148, 'tg_job_dtl_id': 11162366}
[2021-03-25 18:37:29] [60005] iBRM Job Already run shell script ==> {'memo': 'this job (IBRM_Archive.sh)  is already running', 'job_id': 148, 'tg_job_dtl_id': 11162366}
[2021-03-25 18:38:01] [60005] iBRM Job Already run shell script ==> {'memo': 'this job (IBRM_Archive.sh)  is already running', 'job_id': 148, 'tg_job_dtl_id': 11162366}
[2021-03-25 18:38:03] [60005] iBRM Job Already run shell script ==> {'memo': 'this job (IBRM_Archive.sh)  is already running', 'job_id': 148, 'tg_job_dtl_id': 11162366}
[2021-03-25 18:38:05] [60005] iBRM Job Already run shell script ==> {'memo': 'this job (IBRM_Incr_Level0.sh)  is already running', 'job_id': 21, 'tg_job_dtl_id': 11162376}
[2021-03-25 18:38:07] [60005] iBRM Job Already run shell script ==> {'memo': 'this job (IBRM_Incr_Level0.sh)  is already running', 'job_id': 21, 'tg_job_dtl_id': 11162376}
[2021-03-25 18:38:39] [60005] iBRM Job Already run shell script ==> {'memo': 'this job (IBRM_Archive.sh)  is already running', 'job_id': 148, 'tg_job_dtl_id': 11162366}
[2021-03-25 18:38:41] [60005] iBRM Job Already run shell script ==> {'memo': 'this job (IBRM_Archive.sh)  is already running', 'job_id': 148, 'tg_job_dtl_id': 11162366}
[2021-03-25 18:39:14] [60005] iBRM Job Already run shell script ==> {'memo': 'this job (IBRM_Archive.sh)  is already running', 'job_id': 148, 'tg_job_dtl_id': 11162366}
[2021-03-25 18:39:16] [60005] iBRM Job Already run shell script ==> {'memo': 'this job (IBRM_Archive.sh)  is already running', 'job_id': 148, 'tg_job_dtl_id': 11162366}
[2021-03-25 18:39:48] [60005] iBRM Job Already run shell script ==> {'memo': 'this job (IBRM_Archive.sh)  is already running', 'job_id': 148, 'tg_job_dtl_id': 11162366}
[2021-03-25 18:39:50] [60005] iBRM Job Already run shell script ==> {'memo': 'this job (IBRM_Archive.sh)  is already running', 'job_id': 148, 'tg_job_dtl_id': 11162366}
[2021-03-25 18:40:22] [60005] iBRM Job Already run shell script ==> {'memo': 'this job (IBRM_Archive.sh)  is already running', 'job_id': 148, 'tg_job_dtl_id': 11162366}
[2021-03-25 18:40:24] [60005] iBRM Job Already run shell script ==> {'memo': 'this job (IBRM_Archive.sh)  is already running', 'job_id': 148, 'tg_job_dtl_id': 11162366}
[2021-03-25 18:40:56] [60005] iBRM Job Already run shell script ==> {'memo': 'this job (IBRM_Archive.sh)  is already running', 'job_id': 148, 'tg_job_dtl_id': 11162366}
[2021-03-25 18:40:58] [60005] iBRM Job Already run shell script ==> {'memo': 'this job (IBRM_Archive.sh)  is already running', 'job_id': 148, 'tg_job_dtl_id': 11162366}
[2021-03-25 18:41:30] [60005] iBRM Job Already run shell script ==> {'memo': 'this job (IBRM_Archive.sh)  is already running', 'job_id': 148, 'tg_job_dtl_id': 11162366}
[2021-03-25 18:41:32] [60005] iBRM Job Already run shell script ==> {'memo': 'this job (IBRM_Archive.sh)  is already running', 'job_id': 148, 'tg_job_dtl_id': 11162366}
[2021-03-25 18:42:05] [60005] iBRM Job Already run shell script ==> {'memo': 'this job (IBRM_Archive.sh)  is already running', 'job_id': 148, 'tg_job_dtl_id': 11162366}
[2021-03-25 18:42:07] [60005] iBRM Job Already run shell script ==> {'memo': 'this job (IBRM_Archive.sh)  is already running', 'job_id': 148, 'tg_job_dtl_id': 11162366}
[2021-03-25 18:42:39] [60005] iBRM Job Already run shell script ==> {'memo': 'this job (IBRM_Archive.sh)  is already running', 'job_id': 148, 'tg_job_dtl_id': 11162366}
[2021-03-25 18:42:41] [60005] iBRM Job Already run shell script ==> {'memo': 'this job (IBRM_Archive.sh)  is already running', 'job_id': 148, 'tg_job_dtl_id': 11162366}
[2021-03-25 18:43:13] [60005] iBRM Job Already run shell script ==> {'memo': 'this job (IBRM_Archive.sh)  is already running', 'job_id': 148, 'tg_job_dtl_id': 11162366}
[2021-03-25 18:43:15] [60005] iBRM Job Already run shell script ==> {'memo': 'this job (IBRM_Archive.sh)  is already running', 'job_id': 148, 'tg_job_dtl_id': 11162366}
[2021-03-25 18:43:47] [60005] iBRM Job Already run shell script ==> {'memo': 'this job (IBRM_Archive.sh)  is already running', 'job_id': 148, 'tg_job_dtl_id': 11162366}
[2021-03-25 18:43:49] [60005] iBRM Job Already run shell script ==> {'memo': 'this job (IBRM_Archive.sh)  is already running', 'job_id': 148, 'tg_job_dtl_id': 11162366}
[2021-03-25 18:44:21] [60005] iBRM Job Already run shell script ==> {'memo': 'this job (IBRM_Archive.sh)  is already running', 'job_id': 148, 'tg_job_dtl_id': 11162366}
[2021-03-25 18:44:24] [60005] iBRM Job Already run shell script ==> {'memo': 'this job (IBRM_Archive.sh)  is already running', 'job_id': 148, 'tg_job_dtl_id': 11162366}
[2021-03-25 18:44:56] [60005] iBRM Job Already run shell script ==> {'memo': 'this job (IBRM_Archive.sh)  is already running', 'job_id': 148, 'tg_job_dtl_id': 11162366}
[2021-03-25 18:44:58] [60005] iBRM Job Already run shell script ==> {'memo': 'this job (IBRM_Archive.sh)  is already running', 'job_id': 148, 'tg_job_dtl_id': 11162366}
[2021-03-25 18:45:30] [60005] iBRM Job Already run shell script ==> {'memo': 'this job (IBRM_Archive.sh)  is already running', 'job_id': 148, 'tg_job_dtl_id': 11162366}
[2021-03-25 18:45:32] [60005] iBRM Job Already run shell script ==> {'memo': 'this job (IBRM_Archive.sh)  is already running', 'job_id': 148, 'tg_job_dtl_id': 11162366}
[2021-03-25 18:46:04] [60005] iBRM Job Already run shell script ==> {'memo': 'this job (IBRM_Archive.sh)  is already running', 'job_id': 148, 'tg_job_dtl_id': 11162366}
[2021-03-25 18:46:06] [60005] iBRM Job Already run shell script ==> {'memo': 'this job (IBRM_Archive.sh)  is already running', 'job_id': 148, 'tg_job_dtl_id': 11162366}
[2021-03-25 18:46:38] [60005] iBRM Job Already run shell script ==> {'memo': 'this job (IBRM_Archive.sh)  is already running', 'job_id': 148, 'tg_job_dtl_id': 11162366}
[2021-03-25 18:46:40] [60005] iBRM Job Already run shell script ==> {'memo': 'this job (IBRM_Archive.sh)  is already running', 'job_id': 148, 'tg_job_dtl_id': 11162366}
[2021-03-25 18:47:13] [60005] iBRM Job Already run shell script ==> {'memo': 'this job (IBRM_Archive.sh)  is already running', 'job_id': 148, 'tg_job_dtl_id': 11162366}
[2021-03-25 18:47:15] [60005] iBRM Job Already run shell script ==> {'memo': 'this job (IBRM_Archive.sh)  is already running', 'job_id': 148, 'tg_job_dtl_id': 11162366}
[2021-03-25 18:47:47] [60005] iBRM Job Already run shell script ==> {'memo': 'this job (IBRM_Archive.sh)  is already running', 'job_id': 148, 'tg_job_dtl_id': 11162366}
[2021-03-25 18:47:49] [60005] iBRM Job Already run shell script ==> {'memo': 'this job (IBRM_Archive.sh)  is already running', 'job_id': 148, 'tg_job_dtl_id': 11162366}
[2021-03-25 18:48:21] [60005] iBRM Job Already run shell script ==> {'memo': 'this job (IBRM_Archive.sh)  is already running', 'job_id': 148, 'tg_job_dtl_id': 11162366}
[2021-03-25 18:48:23] [60005] iBRM Job Already run shell script ==> {'memo': 'this job (IBRM_Archive.sh)  is already running', 'job_id': 148, 'tg_job_dtl_id': 11162366}
[2021-03-25 18:48:25] [60005] iBRM Job Already run shell script ==> {'memo': 'this job (IBRM_Incr_Level0.sh)  is already running', 'job_id': 19, 'tg_job_dtl_id': 11162377}
[2021-03-25 18:48:27] [60005] iBRM Job Already run shell script ==> {'memo': 'this job (IBRM_Incr_Level0.sh)  is already running', 'job_id': 19, 'tg_job_dtl_id': 11162377}
[2021-03-25 18:48:29] [60005] iBRM Job Already run shell script ==> {'memo': 'this job (IBRM_Incr_Level0.sh)  is already running', 'job_id': 20, 'tg_job_dtl_id': 11162378}
[2021-03-25 18:48:31] [60005] iBRM Job Already run shell script ==> {'memo': 'this job (IBRM_Incr_Level0.sh)  is already running', 'job_id': 20, 'tg_job_dtl_id': 11162378}
[2021-03-25 18:49:04] [60005] iBRM Job Already run shell script ==> {'memo': 'this job (IBRM_Archive.sh)  is already running', 'job_id': 148, 'tg_job_dtl_id': 11162366}
[2021-03-25 18:49:06] [60005] iBRM Job Already run shell script ==> {'memo': 'this job (IBRM_Archive.sh)  is already running', 'job_id': 148, 'tg_job_dtl_id': 11162366}
[2021-03-25 18:49:38] [60005] iBRM Job Already run shell script ==> {'memo': 'this job (IBRM_Archive.sh)  is already running', 'job_id': 148, 'tg_job_dtl_id': 11162366}
[2021-03-25 18:49:40] [60005] iBRM Job Already run shell script ==> {'memo': 'this job (IBRM_Archive.sh)  is already running', 'job_id': 148, 'tg_job_dtl_id': 11162366}
[2021-03-25 18:50:12] [60005] iBRM Job Already run shell script ==> {'memo': 'this job (IBRM_Archive.sh)  is already running', 'job_id': 148, 'tg_job_dtl_id': 11162366}
[2021-03-25 18:50:14] [60005] iBRM Job Already run shell script ==> {'memo': 'this job (IBRM_Archive.sh)  is already running', 'job_id': 148, 'tg_job_dtl_id': 11162366}
[2021-03-25 18:50:46] [60005] iBRM Job Already run shell script ==> {'memo': 'this job (IBRM_Archive.sh)  is already running', 'job_id': 148, 'tg_job_dtl_id': 11162366}
[2021-03-25 18:50:48] [60005] iBRM Job Already run shell script ==> {'memo': 'this job (IBRM_Archive.sh)  is already running', 'job_id': 148, 'tg_job_dtl_id': 11162366}
[2021-03-25 18:51:20] [60005] iBRM Job Already run shell script ==> {'memo': 'this job (IBRM_Archive.sh)  is already running', 'job_id': 148, 'tg_job_dtl_id': 11162366}
[2021-03-25 18:51:22] [60005] iBRM Job Already run shell script ==> {'memo': 'this job (IBRM_Archive.sh)  is already running', 'job_id': 148, 'tg_job_dtl_id': 11162366}
[2021-03-25 18:51:55] [60005] iBRM Job Already run shell script ==> {'memo': 'this job (IBRM_Archive.sh)  is already running', 'job_id': 148, 'tg_job_dtl_id': 11162366}
[2021-03-25 18:51:57] [60005] iBRM Job Already run shell script ==> {'memo': 'this job (IBRM_Archive.sh)  is already running', 'job_id': 148, 'tg_job_dtl_id': 11162366}
[2021-03-25 18:52:29] [60005] iBRM Job Already run shell script ==> {'memo': 'this job (IBRM_Archive.sh)  is already running', 'job_id': 148, 'tg_job_dtl_id': 11162366}
[2021-03-25 18:52:31] [60005] iBRM Job Already run shell script ==> {'memo': 'this job (IBRM_Archive.sh)  is already running', 'job_id': 148, 'tg_job_dtl_id': 11162366}
[2021-03-25 18:53:03] [60005] iBRM Job Already run shell script ==> {'memo': 'this job (IBRM_Archive.sh)  is already running', 'job_id': 148, 'tg_job_dtl_id': 11162366}
[2021-03-25 18:53:05] [60005] iBRM Job Already run shell script ==> {'memo': 'this job (IBRM_Archive.sh)  is already running', 'job_id': 148, 'tg_job_dtl_id': 11162366}
[2021-03-25 18:53:37] [60005] iBRM Job Already run shell script ==> {'memo': 'this job (IBRM_Archive.sh)  is already running', 'job_id': 148, 'tg_job_dtl_id': 11162366}
[2021-03-25 18:53:39] [60005] iBRM Job Already run shell script ==> {'memo': 'this job (IBRM_Archive.sh)  is already running', 'job_id': 148, 'tg_job_dtl_id': 11162366}
[2021-03-25 18:54:11] [60005] iBRM Job Already run shell script ==> {'memo': 'this job (IBRM_Archive.sh)  is already running', 'job_id': 148, 'tg_job_dtl_id': 11162366}
[2021-03-25 18:54:13] [60005] iBRM Job Already run shell script ==> {'memo': 'this job (IBRM_Archive.sh)  is already running', 'job_id': 148, 'tg_job_dtl_id': 11162366}
[2021-03-25 18:54:46] [60005] iBRM Job Already run shell script ==> {'memo': 'this job (IBRM_Archive.sh)  is already running', 'job_id': 148, 'tg_job_dtl_id': 11162366}
[2021-03-25 18:54:48] [60005] iBRM Job Already run shell script ==> {'memo': 'this job (IBRM_Archive.sh)  is already running', 'job_id': 148, 'tg_job_dtl_id': 11162366}
[2021-03-25 18:55:20] [60005] iBRM Job Already run shell script ==> {'memo': 'this job (IBRM_Archive.sh)  is already running', 'job_id': 148, 'tg_job_dtl_id': 11162366}
[2021-03-25 18:55:22] [60005] iBRM Job Already run shell script ==> {'memo': 'this job (IBRM_Archive.sh)  is already running', 'job_id': 148, 'tg_job_dtl_id': 11162366}
[2021-03-25 18:55:54] [60005] iBRM Job Already run shell script ==> {'memo': 'this job (IBRM_Archive.sh)  is already running', 'job_id': 148, 'tg_job_dtl_id': 11162366}
[2021-03-25 18:55:56] [60005] iBRM Job Already run shell script ==> {'memo': 'this job (IBRM_Archive.sh)  is already running', 'job_id': 148, 'tg_job_dtl_id': 11162366}
[2021-03-25 18:56:28] [60005] iBRM Job Already run shell script ==> {'memo': 'this job (IBRM_Archive.sh)  is already running', 'job_id': 148, 'tg_job_dtl_id': 11162366}
[2021-03-25 18:56:30] [60005] iBRM Job Already run shell script ==> {'memo': 'this job (IBRM_Archive.sh)  is already running', 'job_id': 148, 'tg_job_dtl_id': 11162366}
[2021-03-25 18:57:03] [60005] iBRM Job Already run shell script ==> {'memo': 'this job (IBRM_Incr_Level1_Weekly.sh)  is already running', 'job_id': 42, 'tg_job_dtl_id': 11162379}
[2021-03-25 18:57:05] [60005] iBRM Job Already run shell script ==> {'memo': 'this job (IBRM_Incr_Level1_Weekly.sh)  is already running', 'job_id': 42, 'tg_job_dtl_id': 11162379}
[2021-03-25 18:57:07] [60005] iBRM Job Already run shell script ==> {'memo': 'this job (IBRM_Archive.sh)  is already running', 'job_id': 148, 'tg_job_dtl_id': 11162366}
[2021-03-25 18:57:09] [60005] iBRM Job Already run shell script ==> {'memo': 'this job (IBRM_Archive.sh)  is already running', 'job_id': 148, 'tg_job_dtl_id': 11162366}
[2021-03-25 18:57:41] [60005] iBRM Job Already run shell script ==> {'memo': 'this job (IBRM_Archive.sh)  is already running', 'job_id': 148, 'tg_job_dtl_id': 11162366}
[2021-03-25 18:57:43] [60005] iBRM Job Already run shell script ==> {'memo': 'this job (IBRM_Archive.sh)  is already running', 'job_id': 148, 'tg_job_dtl_id': 11162366}
[2021-03-25 18:58:15] [60005] iBRM Job Already run shell script ==> {'memo': 'this job (IBRM_Archive.sh)  is already running', 'job_id': 148, 'tg_job_dtl_id': 11162366}
[2021-03-25 18:58:17] [60005] iBRM Job Already run shell script ==> {'memo': 'this job (IBRM_Archive.sh)  is already running', 'job_id': 148, 'tg_job_dtl_id': 11162366}
[2021-03-25 18:58:49] [60005] iBRM Job Already run shell script ==> {'memo': 'this job (IBRM_Archive.sh)  is already running', 'job_id': 148, 'tg_job_dtl_id': 11162366}
[2021-03-25 18:58:51] [60005] iBRM Job Already run shell script ==> {'memo': 'this job (IBRM_Archive.sh)  is already running', 'job_id': 148, 'tg_job_dtl_id': 11162366}
[2021-03-25 18:59:24] [60005] iBRM Job Already run shell script ==> {'memo': 'this job (IBRM_Archive.sh)  is already running', 'job_id': 148, 'tg_job_dtl_id': 11162366}
[2021-03-25 18:59:26] [60005] iBRM Job Already run shell script ==> {'memo': 'this job (IBRM_Archive.sh)  is already running', 'job_id': 148, 'tg_job_dtl_id': 11162366}
[2021-03-25 18:59:58] [60005] iBRM Job Already run shell script ==> {'memo': 'this job (IBRM_Archive.sh)  is already running', 'job_id': 148, 'tg_job_dtl_id': 11162366}
[2021-03-25 19:00:00] [60005] iBRM Job Already run shell script ==> {'memo': 'this job (IBRM_Archive.sh)  is already running', 'job_id': 148, 'tg_job_dtl_id': 11162366}
[2021-03-25 19:00:32] [60005] iBRM Job Already run shell script ==> {'memo': 'this job (IBRM_Archive.sh)  is already running', 'job_id': 148, 'tg_job_dtl_id': 11162366}
[2021-03-25 19:00:34] [60005] iBRM Job Already run shell script ==> {'memo': 'this job (IBRM_Archive.sh)  is already running', 'job_id': 148, 'tg_job_dtl_id': 11162366}
[2021-03-25 19:01:06] [60005] iBRM Job Already run shell script ==> {'memo': 'this job (IBRM_Archive.sh)  is already running', 'job_id': 148, 'tg_job_dtl_id': 11162366}
[2021-03-25 19:01:08] [60005] iBRM Job Already run shell script ==> {'memo': 'this job (IBRM_Archive.sh)  is already running', 'job_id': 148, 'tg_job_dtl_id': 11162366}
[2021-03-25 19:01:40] [60005] iBRM Job Already run shell script ==> {'memo': 'this job (IBRM_Archive.sh)  is already running', 'job_id': 148, 'tg_job_dtl_id': 11162366}
[2021-03-25 19:01:42] [60005] iBRM Job Already run shell script ==> {'memo': 'this job (IBRM_Archive.sh)  is already running', 'job_id': 148, 'tg_job_dtl_id': 11162366}
[2021-03-25 19:02:15] [60005] iBRM Job Already run shell script ==> {'memo': 'this job (IBRM_Archive.sh)  is already running', 'job_id': 148, 'tg_job_dtl_id': 11162366}
[2021-03-25 19:02:17] [60005] iBRM Job Already run shell script ==> {'memo': 'this job (IBRM_Archive.sh)  is already running', 'job_id': 148, 'tg_job_dtl_id': 11162366}
[2021-03-25 19:02:49] [60005] iBRM Job Already run shell script ==> {'memo': 'this job (IBRM_Archive.sh)  is already running', 'job_id': 148, 'tg_job_dtl_id': 11162366}
[2021-03-25 19:02:51] [60005] iBRM Job Already run shell script ==> {'memo': 'this job (IBRM_Archive.sh)  is already running', 'job_id': 148, 'tg_job_dtl_id': 11162366}
[2021-03-25 19:03:23] [60005] iBRM Job Already run shell script ==> {'memo': 'this job (IBRM_Archive.sh)  is already running', 'job_id': 148, 'tg_job_dtl_id': 11162366}
[2021-03-25 19:03:25] [60005] iBRM Job Already run shell script ==> {'memo': 'this job (IBRM_Archive.sh)  is already running', 'job_id': 148, 'tg_job_dtl_id': 11162366}
[2021-03-25 19:03:57] [60005] iBRM Job Already run shell script ==> {'memo': 'this job (IBRM_Archive.sh)  is already running', 'job_id': 148, 'tg_job_dtl_id': 11162366}
[2021-03-25 19:03:59] [60005] iBRM Job Already run shell script ==> {'memo': 'this job (IBRM_Archive.sh)  is already running', 'job_id': 148, 'tg_job_dtl_id': 11162366}
[2021-03-25 19:04:31] [60005] iBRM Job Already run shell script ==> {'memo': 'this job (IBRM_Archive.sh)  is already running', 'job_id': 148, 'tg_job_dtl_id': 11162366}
[2021-03-25 19:04:33] [60005] iBRM Job Already run shell script ==> {'memo': 'this job (IBRM_Archive.sh)  is already running', 'job_id': 148, 'tg_job_dtl_id': 11162366}
[2021-03-25 19:05:06] [60005] iBRM Job Already run shell script ==> {'memo': 'this job (IBRM_Archive.sh)  is already running', 'job_id': 148, 'tg_job_dtl_id': 11162366}
[2021-03-25 19:05:08] [60005] iBRM Job Already run shell script ==> {'memo': 'this job (IBRM_Archive.sh)  is already running', 'job_id': 148, 'tg_job_dtl_id': 11162366}
[2021-03-25 19:05:40] [60005] iBRM Job Already run shell script ==> {'memo': 'this job (IBRM_Archive.sh)  is already running', 'job_id': 148, 'tg_job_dtl_id': 11162366}
[2021-03-25 19:05:42] [60005] iBRM Job Already run shell script ==> {'memo': 'this job (IBRM_Archive.sh)  is already running', 'job_id': 148, 'tg_job_dtl_id': 11162366}
[2021-03-25 19:06:16] [60005] iBRM Job Already run shell script ==> {'memo': 'this job (IBRM_Archive.sh)  is already running', 'job_id': 148, 'tg_job_dtl_id': 11162366}
[2021-03-25 19:06:48] [60005] iBRM Job Already run shell script ==> {'memo': 'this job (IBRM_Archive.sh)  is already running', 'job_id': 148, 'tg_job_dtl_id': 11162366}
[2021-03-25 19:06:50] [60005] iBRM Job Already run shell script ==> {'memo': 'this job (IBRM_Archive.sh)  is already running', 'job_id': 148, 'tg_job_dtl_id': 11162366}
[2021-03-25 19:07:23] [60005] iBRM Job Already run shell script ==> {'memo': 'this job (IBRM_Archive.sh)  is already running', 'job_id': 148, 'tg_job_dtl_id': 11162366}
[2021-03-25 19:07:25] [60005] iBRM Job Already run shell script ==> {'memo': 'this job (IBRM_Archive.sh)  is already running', 'job_id': 148, 'tg_job_dtl_id': 11162366}
[2021-03-25 19:07:57] [60005] iBRM Job Already run shell script ==> {'memo': 'this job (IBRM_Archive.sh)  is already running', 'job_id': 148, 'tg_job_dtl_id': 11162366}
[2021-03-25 19:07:59] [60005] iBRM Job Already run shell script ==> {'memo': 'this job (IBRM_Archive.sh)  is already running', 'job_id': 148, 'tg_job_dtl_id': 11162366}
[2021-03-25 19:08:31] [60005] iBRM Job Already run shell script ==> {'memo': 'this job (IBRM_Archive.sh)  is already running', 'job_id': 148, 'tg_job_dtl_id': 11162366}
[2021-03-25 19:08:33] [60005] iBRM Job Already run shell script ==> {'memo': 'this job (IBRM_Archive.sh)  is already running', 'job_id': 148, 'tg_job_dtl_id': 11162366}
[2021-03-25 19:09:05] [60005] iBRM Job Already run shell script ==> {'memo': 'this job (IBRM_Archive.sh)  is already running', 'job_id': 148, 'tg_job_dtl_id': 11162366}
[2021-03-25 19:09:07] [60005] iBRM Job Already run shell script ==> {'memo': 'this job (IBRM_Archive.sh)  is already running', 'job_id': 148, 'tg_job_dtl_id': 11162366}
[2021-03-25 19:09:39] [60005] iBRM Job Already run shell script ==> {'memo': 'this job (IBRM_Archive.sh)  is already running', 'job_id': 148, 'tg_job_dtl_id': 11162366}
[2021-03-25 19:09:41] [60005] iBRM Job Already run shell script ==> {'memo': 'this job (IBRM_Archive.sh)  is already running', 'job_id': 148, 'tg_job_dtl_id': 11162366}
[2021-03-25 19:10:18] [60005] iBRM Job Already run shell script ==> {'memo': 'this job (IBRM_Archive.sh)  is already running', 'job_id': 148, 'tg_job_dtl_id': 11162366}
[2021-03-25 19:10:20] [60005] iBRM Job Already run shell script ==> {'memo': 'this job (IBRM_Archive.sh)  is already running', 'job_id': 148, 'tg_job_dtl_id': 11162366}
[2021-03-25 19:10:52] [60005] iBRM Job Already run shell script ==> {'memo': 'this job (IBRM_Archive.sh)  is already running', 'job_id': 148, 'tg_job_dtl_id': 11162366}
[2021-03-25 19:10:54] [60005] iBRM Job Already run shell script ==> {'memo': 'this job (IBRM_Archive.sh)  is already running', 'job_id': 148, 'tg_job_dtl_id': 11162366}
[2021-03-25 19:11:26] [60005] iBRM Job Already run shell script ==> {'memo': 'this job (IBRM_Archive.sh)  is already running', 'job_id': 148, 'tg_job_dtl_id': 11162366}
[2021-03-25 19:11:28] [60005] iBRM Job Already run shell script ==> {'memo': 'this job (IBRM_Archive.sh)  is already running', 'job_id': 148, 'tg_job_dtl_id': 11162366}
[2021-03-25 19:12:00] [60005] iBRM Job Already run shell script ==> {'memo': 'this job (IBRM_Archive.sh)  is already running', 'job_id': 148, 'tg_job_dtl_id': 11162366}
[2021-03-25 19:12:02] [60005] iBRM Job Already run shell script ==> {'memo': 'this job (IBRM_Archive.sh)  is already running', 'job_id': 148, 'tg_job_dtl_id': 11162366}
[2021-03-25 19:12:35] [60005] iBRM Job Already run shell script ==> {'memo': 'this job (IBRM_Archive.sh)  is already running', 'job_id': 148, 'tg_job_dtl_id': 11162366}
[2021-03-25 19:12:37] [60005] iBRM Job Already run shell script ==> {'memo': 'this job (IBRM_Archive.sh)  is already running', 'job_id': 148, 'tg_job_dtl_id': 11162366}
[2021-03-25 19:13:09] [60005] iBRM Job Already run shell script ==> {'memo': 'this job (IBRM_Archive.sh)  is already running', 'job_id': 148, 'tg_job_dtl_id': 11162366}
[2021-03-25 19:13:11] [60005] iBRM Job Already run shell script ==> {'memo': 'this job (IBRM_Archive.sh)  is already running', 'job_id': 148, 'tg_job_dtl_id': 11162366}
[2021-03-25 19:13:43] [60005] iBRM Job Already run shell script ==> {'memo': 'this job (IBRM_Archive.sh)  is already running', 'job_id': 148, 'tg_job_dtl_id': 11162366}
[2021-03-25 19:13:45] [60005] iBRM Job Already run shell script ==> {'memo': 'this job (IBRM_Archive.sh)  is already running', 'job_id': 148, 'tg_job_dtl_id': 11162366}
[2021-03-25 19:14:17] [60005] iBRM Job Already run shell script ==> {'memo': 'this job (IBRM_Archive.sh)  is already running', 'job_id': 148, 'tg_job_dtl_id': 11162366}
[2021-03-25 19:14:19] [60005] iBRM Job Already run shell script ==> {'memo': 'this job (IBRM_Archive.sh)  is already running', 'job_id': 148, 'tg_job_dtl_id': 11162366}
[2021-03-25 19:14:41] [60005] iBRM Job Already run shell script ==> {'memo': 'this job (IBRM_Archive.sh)  is already running', 'job_id': 142, 'tg_job_dtl_id': 11162372}
[2021-03-25 19:14:43] [60005] iBRM Job Already run shell script ==> {'memo': 'this job (IBRM_Archive.sh)  is already running', 'job_id': 142, 'tg_job_dtl_id': 11162372}
[2021-03-25 19:14:51] [60005] iBRM Job Already run shell script ==> {'memo': 'this job (IBRM_Archive.sh)  is already running', 'job_id': 148, 'tg_job_dtl_id': 11162366}
[2021-03-25 19:14:53] [60005] iBRM Job Already run shell script ==> {'memo': 'this job (IBRM_Archive.sh)  is already running', 'job_id': 148, 'tg_job_dtl_id': 11162366}
[2021-03-25 19:15:28] [60005] iBRM Job Already run shell script ==> {'memo': 'this job (IBRM_Archive.sh)  is already running', 'job_id': 148, 'tg_job_dtl_id': 11162366}
[2021-03-25 19:16:00] [60005] iBRM Job Already run shell script ==> {'memo': 'this job (IBRM_Archive.sh)  is already running', 'job_id': 148, 'tg_job_dtl_id': 11162366}
[2021-03-25 19:16:02] [60005] iBRM Job Already run shell script ==> {'memo': 'this job (IBRM_Archive.sh)  is already running', 'job_id': 148, 'tg_job_dtl_id': 11162366}
[2021-03-25 19:16:34] [60005] iBRM Job Already run shell script ==> {'memo': 'this job (IBRM_Archive.sh)  is already running', 'job_id': 148, 'tg_job_dtl_id': 11162366}
[2021-03-25 19:16:36] [60005] iBRM Job Already run shell script ==> {'memo': 'this job (IBRM_Archive.sh)  is already running', 'job_id': 148, 'tg_job_dtl_id': 11162366}
[2021-03-25 19:17:08] [60005] iBRM Job Already run shell script ==> {'memo': 'this job (IBRM_Archive.sh)  is already running', 'job_id': 148, 'tg_job_dtl_id': 11162366}
[2021-03-25 19:17:10] [60005] iBRM Job Already run shell script ==> {'memo': 'this job (IBRM_Archive.sh)  is already running', 'job_id': 148, 'tg_job_dtl_id': 11162366}
[2021-03-25 19:17:42] [60005] iBRM Job Already run shell script ==> {'memo': 'this job (IBRM_Archive.sh)  is already running', 'job_id': 148, 'tg_job_dtl_id': 11162366}
[2021-03-25 19:17:44] [60005] iBRM Job Already run shell script ==> {'memo': 'this job (IBRM_Archive.sh)  is already running', 'job_id': 148, 'tg_job_dtl_id': 11162366}
[2021-03-25 19:18:19] [60005] iBRM Job Already run shell script ==> {'memo': 'this job (IBRM_Archive.sh)  is already running', 'job_id': 148, 'tg_job_dtl_id': 11162366}
[2021-03-25 19:18:51] [60005] iBRM Job Already run shell script ==> {'memo': 'this job (IBRM_Archive.sh)  is already running', 'job_id': 148, 'tg_job_dtl_id': 11162366}
[2021-03-25 19:18:53] [60005] iBRM Job Already run shell script ==> {'memo': 'this job (IBRM_Archive.sh)  is already running', 'job_id': 148, 'tg_job_dtl_id': 11162366}
[2021-03-25 19:19:25] [60005] iBRM Job Already run shell script ==> {'memo': 'this job (IBRM_Archive.sh)  is already running', 'job_id': 148, 'tg_job_dtl_id': 11162366}
[2021-03-25 19:19:27] [60005] iBRM Job Already run shell script ==> {'memo': 'this job (IBRM_Archive.sh)  is already running', 'job_id': 148, 'tg_job_dtl_id': 11162366}
[2021-03-25 19:19:31] [60005] iBRM Job Already run shell script ==> {'memo': 'this job (IBRM_Incr_Level0.sh)  is already running', 'job_id': 16, 'tg_job_dtl_id': 11162381}
