[2021-03-23 17:30:26] [60005] iBRM Job Already run shell script ==> {'memo': 'this job (IBRM_Archive.sh)  is already running', 'job_id': 121, 'tg_job_dtl_id': 210421}
[2021-03-23 18:10:26] [60005] iBRM Job Already run shell script ==> {'memo': 'this job (RMAN_Incr_Level0.sh)  is already running', 'job_id': 160, 'tg_job_dtl_id': 210475}
[2021-03-23 18:13:31] [60005] iBRM Job Already run shell script ==> {'memo': 'this job (RMAN_Incr_Level0.sh)  is already running', 'job_id': 160, 'tg_job_dtl_id': 210475}
[2021-03-23 18:14:06] [60005] iBRM Job Already run shell script ==> {'memo': 'this job (IBRM_Incr_Level0.sh)  is already running', 'job_id': 3, 'tg_job_dtl_id': 210423}
[2021-03-23 18:18:23] [60005] iBRM Job Already run shell script ==> {'memo': 'this job (IBRM_Incr_Level0.sh)  is already running', 'job_id': 18, 'tg_job_dtl_id': 210424}
[2021-03-23 18:18:25] [60005] iBRM Job Already run shell script ==> {'memo': 'this job (IBRM_Incr_Level0.sh)  is already running', 'job_id': 18, 'tg_job_dtl_id': 210424}
[2021-03-23 18:23:02] [60005] iBRM Job Already run shell script ==> {'memo': 'this job (RMAN_Incr_Level0.sh)  is already running', 'job_id': 160, 'tg_job_dtl_id': 210475}
[2021-03-23 18:27:10] [60005] iBRM Job Already run shell script ==> {'memo': 'this job (IBRM_Incr_Level0.sh)  is already running', 'job_id': 9, 'tg_job_dtl_id': 210427}
[2021-03-23 18:27:12] [60005] iBRM Job Already run shell script ==> {'memo': 'this job (IBRM_Incr_Level0.sh)  is already running', 'job_id': 9, 'tg_job_dtl_id': 210427}
[2021-03-23 18:36:23] [60005] iBRM Job Already run shell script ==> {'memo': 'this job (IBRM_Incr_Level1_Weekly.sh)  is already running', 'job_id': 38, 'tg_job_dtl_id': 210429}
[2021-03-23 18:36:25] [60005] iBRM Job Already run shell script ==> {'memo': 'this job (IBRM_Incr_Level1_Weekly.sh)  is already running', 'job_id': 38, 'tg_job_dtl_id': 210429}
[2021-03-23 18:38:28] [60005] iBRM Job Already run shell script ==> {'memo': 'this job (IBRM_Incr_Level0.sh)  is already running', 'job_id': 21, 'tg_job_dtl_id': 210430}
[2021-03-23 18:38:30] [60005] iBRM Job Already run shell script ==> {'memo': 'this job (IBRM_Incr_Level0.sh)  is already running', 'job_id': 21, 'tg_job_dtl_id': 210430}
[2021-03-23 18:48:07] [60005] iBRM Job Already run shell script ==> {'memo': 'this job (IBRM_Incr_Level0.sh)  is already running', 'job_id': 19, 'tg_job_dtl_id': 210431}
[2021-03-23 18:48:09] [60005] iBRM Job Already run shell script ==> {'memo': 'this job (IBRM_Incr_Level0.sh)  is already running', 'job_id': 19, 'tg_job_dtl_id': 210431}
[2021-03-23 18:48:11] [60005] iBRM Job Already run shell script ==> {'memo': 'this job (IBRM_Incr_Level0.sh)  is already running', 'job_id': 20, 'tg_job_dtl_id': 210432}
[2021-03-23 18:48:13] [60005] iBRM Job Already run shell script ==> {'memo': 'this job (IBRM_Incr_Level0.sh)  is already running', 'job_id': 20, 'tg_job_dtl_id': 210432}
[2021-03-23 19:19:10] [60005] iBRM Job Already run shell script ==> {'memo': 'this job (IBRM_Incr_Level0.sh)  is already running', 'job_id': 16, 'tg_job_dtl_id': 210435}
[2021-03-23 19:19:12] [60005] iBRM Job Already run shell script ==> {'memo': 'this job (IBRM_Incr_Level0.sh)  is already running', 'job_id': 16, 'tg_job_dtl_id': 210435}
[2021-03-23 19:40:25] [60005] iBRM Job Already run shell script ==> {'memo': 'this job (IBRM_Archive.sh)  is already running', 'job_id': 67, 'tg_job_dtl_id': 210436}
[2021-03-23 19:40:27] [60005] iBRM Job Already run shell script ==> {'memo': 'this job (IBRM_Archive.sh)  is already running', 'job_id': 67, 'tg_job_dtl_id': 210436}
[2021-03-23 19:50:04] [60005] iBRM Job Already run shell script ==> {'memo': 'this job (IBRM_Incr_Level0.sh)  is already running', 'job_id': 52, 'tg_job_dtl_id': 210437}
[2021-03-23 19:50:06] [60005] iBRM Job Already run shell script ==> {'memo': 'this job (IBRM_Incr_Level0.sh)  is already running', 'job_id': 52, 'tg_job_dtl_id': 210437}
[2021-03-23 20:00:15] [60005] iBRM Job Already run shell script ==> {'memo': 'this job (test.sh)  is already running', 'job_id': 156, 'tg_job_dtl_id': 210438}
[2021-03-23 20:30:04] [60005] iBRM Job Already run shell script ==> {'memo': 'this job (IBRM_Incr_Level0.sh)  is already running', 'job_id': 84, 'tg_job_dtl_id': 210440}
[2021-03-23 20:30:06] [60005] iBRM Job Already run shell script ==> {'memo': 'this job (IBRM_Incr_Level0.sh)  is already running', 'job_id': 53, 'tg_job_dtl_id': 210439}
[2021-03-23 20:30:08] [60005] iBRM Job Already run shell script ==> {'memo': 'this job (IBRM_Incr_Level0.sh)  is already running', 'job_id': 53, 'tg_job_dtl_id': 210439}
[2021-03-23 21:00:28] [60005] iBRM Job Already run shell script ==> {'memo': 'this job (test.sh)  is already running', 'job_id': 159, 'tg_job_dtl_id': 210441}
[2021-03-23 21:20:13] [60005] iBRM Job Already run shell script ==> {'memo': 'this job (IBRM_Run_DailyDataSnap.sh)  is already running', 'job_id': 96, 'tg_job_dtl_id': 210442}
[2021-03-23 21:40:27] [60005] iBRM Job Already run shell script ==> {'memo': 'this job (IBRM_Run_DailyDataSnap.sh)  is already running', 'job_id': 100, 'tg_job_dtl_id': 210443}
[2021-03-23 21:50:07] [60005] iBRM Job Already run shell script ==> {'memo': 'this job (IBRM_Run_DailyDataSnap.sh)  is already running', 'job_id': 102, 'tg_job_dtl_id': 210444}
[2021-03-23 22:20:27] [60005] iBRM Job Already run shell script ==> {'memo': 'this job (IBRM_Run_DailyDataSnap.sh)  is already running', 'job_id': 108, 'tg_job_dtl_id': 210445}
