[2021-03-08 00:00:25] [60005] iBRM Job Already run shell script ==> {'memo': 'this job (IBRM_Run_DailyDataSnap.sh)  is already running', 'job_id': 137, 'tg_job_dtl_id': 209165}
[2021-03-08 00:00:27] [60005] iBRM Job Already run shell script ==> {'memo': 'this job (IBRM_Run_DailyDataSnap.sh)  is already running', 'job_id': 138, 'tg_job_dtl_id': 209166}
[2021-03-08 00:00:29] [60005] iBRM Job Already run shell script ==> {'memo': 'this job (IBRM_Run_DailyDataSnap.sh)  is already running', 'job_id': 138, 'tg_job_dtl_id': 209166}
[2021-03-08 00:00:33] [60005] iBRM Job Already run shell script ==> {'memo': 'this job (test.sh)  is already running', 'job_id': 154, 'tg_job_dtl_id': 209167}
[2021-03-08 00:00:37] [60005] iBRM Job Already run shell script ==> {'memo': 'this job (IBRM_Incr_Level1_Weekly.sh)  is already running', 'job_id': 37, 'tg_job_dtl_id': 209146}
[2021-03-08 01:00:03] [60005] iBRM Job Already run shell script ==> {'memo': 'this job (IBRM_Archive.sh)  is already running', 'job_id': 44, 'tg_job_dtl_id': 209168}
[2021-03-08 01:00:05] [60005] iBRM Job Already run shell script ==> {'memo': 'this job (IBRM_Archive.sh)  is already running', 'job_id': 45, 'tg_job_dtl_id': 209169}
[2021-03-08 01:00:07] [60005] iBRM Job Already run shell script ==> {'memo': 'this job (IBRM_Archive.sh)  is already running', 'job_id': 45, 'tg_job_dtl_id': 209169}
[2021-03-08 01:15:17] [60005] iBRM Job Already run shell script ==> {'memo': 'this job (IBRM_Incr_Level1_Weekly.sh)  is already running', 'job_id': 35, 'tg_job_dtl_id': 209170}
[2021-03-08 04:00:16] [60005] iBRM Job Already run shell script ==> {'memo': 'this job (test.sh)  is already running', 'job_id': 156, 'tg_job_dtl_id': 209172}
[2021-03-08 07:00:20] [60005] iBRM Job Already run shell script ==> {'memo': 'this job (test.sh)  is already running', 'job_id': 158, 'tg_job_dtl_id': 209173}
[2021-03-08 08:00:15] [60005] iBRM Job Already run shell script ==> {'memo': 'this job (test.sh)  is already running', 'job_id': 155, 'tg_job_dtl_id': 209174}
[2021-03-08 08:00:17] [60005] iBRM Job Already run shell script ==> {'memo': 'this job (test.sh)  is already running', 'job_id': 156, 'tg_job_dtl_id': 209175}
[2021-03-08 08:00:19] [60005] iBRM Job Already run shell script ==> {'memo': 'this job (test.sh)  is already running', 'job_id': 156, 'tg_job_dtl_id': 209175}
[2021-03-08 09:05:12] [60005] iBRM Job Already run shell script ==> {'memo': 'this job (IBRM_Archive.sh)  is already running', 'job_id': 75, 'tg_job_dtl_id': 209176}
[2021-03-08 09:25:22] [60005] iBRM Job Already run shell script ==> {'memo': 'this job (IBRM_Incr_Level1_Weekly.sh)  is already running', 'job_id': 72, 'tg_job_dtl_id': 209177}
[2021-03-08 10:25:15] [60005] iBRM Job Already run shell script ==> {'memo': 'this job (IBRM_Incr_Level1_Weekly.sh)  is already running', 'job_id': 76, 'tg_job_dtl_id': 209178}
[2021-03-08 11:00:30] [60005] iBRM Job Already run shell script ==> {'memo': 'this job (IBRM_Archive.sh)  is already running', 'job_id': 71, 'tg_job_dtl_id': 209179}
[2021-03-08 11:30:13] [60005] iBRM Job Already run shell script ==> {'memo': 'this job (IBRM_Archive.sh)  is already running', 'job_id': 54, 'tg_job_dtl_id': 209181}
[2021-03-08 12:00:26] [60005] iBRM Job Already run shell script ==> {'memo': 'this job (test.sh)  is already running', 'job_id': 156, 'tg_job_dtl_id': 209182}
[2021-03-08 12:00:28] [60005] iBRM Job Already run shell script ==> {'memo': 'this job (test.sh)  is already running', 'job_id': 158, 'tg_job_dtl_id': 209183}
[2021-03-08 12:00:30] [60005] iBRM Job Already run shell script ==> {'memo': 'this job (test.sh)  is already running', 'job_id': 158, 'tg_job_dtl_id': 209183}
[2021-03-08 12:10:07] [60005] iBRM Job Already run shell script ==> {'memo': 'this job (IBRM_Archive.sh)  is already running', 'job_id': 55, 'tg_job_dtl_id': 209184}
[2021-03-08 12:30:17] [60005] iBRM Job Already run shell script ==> {'memo': 'this job (IBRM_Archive.sh)  is already running', 'job_id': 56, 'tg_job_dtl_id': 209185}
[2021-03-08 13:10:03] [60005] iBRM Job Already run shell script ==> {'memo': 'this job (IBRM_Archive.sh)  is already running', 'job_id': 57, 'tg_job_dtl_id': 209186}
[2021-03-08 13:50:19] [60005] iBRM Job Already run shell script ==> {'memo': 'this job (IBRM_Archive.sh)  is already running', 'job_id': 58, 'tg_job_dtl_id': 209187}
[2021-03-08 13:56:25] [60005] iBRM Job Already run shell script ==> {'memo': 'this job (IBRM_Incr_Level0.sh)  is already running', 'job_id': 17, 'tg_job_dtl_id': 209188}
