[2021-03-18 00:00:20] [60005] iBRM Job Already run shell script ==> {'memo': 'this job (IBRM_Run_DailyDataSnap.sh)  is already running', 'job_id': 137, 'tg_job_dtl_id': 209914}
[2021-03-18 00:00:22] [60005] iBRM Job Already run shell script ==> {'memo': 'this job (IBRM_Run_DailyDataSnap.sh)  is already running', 'job_id': 138, 'tg_job_dtl_id': 209915}
[2021-03-18 00:00:24] [60005] iBRM Job Already run shell script ==> {'memo': 'this job (IBRM_Run_DailyDataSnap.sh)  is already running', 'job_id': 138, 'tg_job_dtl_id': 209915}
[2021-03-18 00:00:28] [60005] iBRM Job Already run shell script ==> {'memo': 'this job (test.sh)  is already running', 'job_id': 154, 'tg_job_dtl_id': 209916}
[2021-03-18 00:00:32] [60005] iBRM Job Already run shell script ==> {'memo': 'this job (IBRM_Incr_Level1_Weekly.sh)  is already running', 'job_id': 37, 'tg_job_dtl_id': 209895}
[2021-03-18 01:00:23] [60005] iBRM Job Already run shell script ==> {'memo': 'this job (IBRM_Archive.sh)  is already running', 'job_id': 44, 'tg_job_dtl_id': 209917}
[2021-03-18 01:00:26] [60005] iBRM Job Already run shell script ==> {'memo': 'this job (IBRM_Archive.sh)  is already running', 'job_id': 45, 'tg_job_dtl_id': 209918}
[2021-03-18 01:00:28] [60005] iBRM Job Already run shell script ==> {'memo': 'this job (IBRM_Archive.sh)  is already running', 'job_id': 45, 'tg_job_dtl_id': 209918}
[2021-03-18 01:15:13] [60005] iBRM Job Already run shell script ==> {'memo': 'this job (IBRM_Incr_Level1_Weekly.sh)  is already running', 'job_id': 35, 'tg_job_dtl_id': 209919}
[2021-03-18 04:00:19] [60005] iBRM Job Already run shell script ==> {'memo': 'this job (test.sh)  is already running', 'job_id': 156, 'tg_job_dtl_id': 209921}
[2021-03-18 07:00:06] [60005] iBRM Job Already run shell script ==> {'memo': 'this job (test.sh)  is already running', 'job_id': 158, 'tg_job_dtl_id': 209922}
[2021-03-18 08:00:25] [60005] iBRM Job Already run shell script ==> {'memo': 'this job (test.sh)  is already running', 'job_id': 155, 'tg_job_dtl_id': 209923}
[2021-03-18 08:00:28] [60005] iBRM Job Already run shell script ==> {'memo': 'this job (test.sh)  is already running', 'job_id': 156, 'tg_job_dtl_id': 209924}
[2021-03-18 08:00:30] [60005] iBRM Job Already run shell script ==> {'memo': 'this job (test.sh)  is already running', 'job_id': 156, 'tg_job_dtl_id': 209924}
[2021-03-18 09:05:13] [60005] iBRM Job Already run shell script ==> {'memo': 'this job (IBRM_Archive.sh)  is already running', 'job_id': 75, 'tg_job_dtl_id': 209925}
[2021-03-18 09:08:18] [60005] iBRM Job Already run shell script ==> {'memo': 'this job (IBRM_Archive.sh)  is already running', 'job_id': 73, 'tg_job_dtl_id': 209859}
[2021-03-18 09:08:20] [60005] iBRM Job Already run shell script ==> {'memo': 'this job (IBRM_Archive.sh)  is already running', 'job_id': 73, 'tg_job_dtl_id': 209859}
[2021-03-18 09:08:22] [60005] iBRM Job Already run shell script ==> {'memo': 'this job (IBRM_Archive.sh)  is already running', 'job_id': 73, 'tg_job_dtl_id': 209950}
[2021-03-18 09:08:24] [60005] iBRM Job Already run shell script ==> {'memo': 'this job (IBRM_Archive.sh)  is already running', 'job_id': 73, 'tg_job_dtl_id': 209950}
[2021-03-18 09:08:57] [60005] iBRM Job Already run shell script ==> {'memo': 'this job (IBRM_Archive.sh)  is already running', 'job_id': 73, 'tg_job_dtl_id': 209859}
[2021-03-18 09:08:59] [60005] iBRM Job Already run shell script ==> {'memo': 'this job (IBRM_Archive.sh)  is already running', 'job_id': 73, 'tg_job_dtl_id': 209859}
[2021-03-18 09:09:01] [60005] iBRM Job Already run shell script ==> {'memo': 'this job (IBRM_Archive.sh)  is already running', 'job_id': 73, 'tg_job_dtl_id': 209950}
[2021-03-18 09:09:03] [60005] iBRM Job Already run shell script ==> {'memo': 'this job (IBRM_Archive.sh)  is already running', 'job_id': 73, 'tg_job_dtl_id': 209950}
[2021-03-18 09:09:35] [60005] iBRM Job Already run shell script ==> {'memo': 'this job (IBRM_Archive.sh)  is already running', 'job_id': 73, 'tg_job_dtl_id': 209859}
[2021-03-18 09:09:37] [60005] iBRM Job Already run shell script ==> {'memo': 'this job (IBRM_Archive.sh)  is already running', 'job_id': 73, 'tg_job_dtl_id': 209859}
[2021-03-18 09:09:39] [60005] iBRM Job Already run shell script ==> {'memo': 'this job (IBRM_Archive.sh)  is already running', 'job_id': 73, 'tg_job_dtl_id': 209950}
[2021-03-18 09:09:41] [60005] iBRM Job Already run shell script ==> {'memo': 'this job (IBRM_Archive.sh)  is already running', 'job_id': 73, 'tg_job_dtl_id': 209950}
[2021-03-18 09:10:14] [60005] iBRM Job Already run shell script ==> {'memo': 'this job (IBRM_Archive.sh)  is already running', 'job_id': 73, 'tg_job_dtl_id': 209859}
[2021-03-18 09:10:16] [60005] iBRM Job Already run shell script ==> {'memo': 'this job (IBRM_Archive.sh)  is already running', 'job_id': 73, 'tg_job_dtl_id': 209859}
[2021-03-18 09:10:18] [60005] iBRM Job Already run shell script ==> {'memo': 'this job (IBRM_Archive.sh)  is already running', 'job_id': 73, 'tg_job_dtl_id': 209950}
[2021-03-18 09:10:20] [60005] iBRM Job Already run shell script ==> {'memo': 'this job (IBRM_Archive.sh)  is already running', 'job_id': 73, 'tg_job_dtl_id': 209950}
[2021-03-18 09:10:54] [60005] iBRM Job Already run shell script ==> {'memo': 'this job (IBRM_Archive.sh)  is already running', 'job_id': 73, 'tg_job_dtl_id': 209859}
[2021-03-18 09:10:56] [60005] iBRM Job Already run shell script ==> {'memo': 'this job (IBRM_Archive.sh)  is already running', 'job_id': 73, 'tg_job_dtl_id': 209950}
[2021-03-18 09:10:58] [60005] iBRM Job Already run shell script ==> {'memo': 'this job (IBRM_Archive.sh)  is already running', 'job_id': 73, 'tg_job_dtl_id': 209950}
[2021-03-18 09:11:31] [60005] iBRM Job Already run shell script ==> {'memo': 'this job (IBRM_Archive.sh)  is already running', 'job_id': 73, 'tg_job_dtl_id': 209859}
[2021-03-18 09:11:33] [60005] iBRM Job Already run shell script ==> {'memo': 'this job (IBRM_Archive.sh)  is already running', 'job_id': 73, 'tg_job_dtl_id': 209859}
[2021-03-18 09:11:35] [60005] iBRM Job Already run shell script ==> {'memo': 'this job (IBRM_Archive.sh)  is already running', 'job_id': 73, 'tg_job_dtl_id': 209950}
[2021-03-18 09:11:37] [60005] iBRM Job Already run shell script ==> {'memo': 'this job (IBRM_Archive.sh)  is already running', 'job_id': 73, 'tg_job_dtl_id': 209950}
[2021-03-18 09:12:09] [60005] iBRM Job Already run shell script ==> {'memo': 'this job (IBRM_Archive.sh)  is already running', 'job_id': 73, 'tg_job_dtl_id': 209859}
[2021-03-18 09:12:11] [60005] iBRM Job Already run shell script ==> {'memo': 'this job (IBRM_Archive.sh)  is already running', 'job_id': 73, 'tg_job_dtl_id': 209859}
[2021-03-18 09:12:13] [60005] iBRM Job Already run shell script ==> {'memo': 'this job (IBRM_Archive.sh)  is already running', 'job_id': 73, 'tg_job_dtl_id': 209950}
[2021-03-18 09:12:15] [60005] iBRM Job Already run shell script ==> {'memo': 'this job (IBRM_Archive.sh)  is already running', 'job_id': 73, 'tg_job_dtl_id': 209950}
[2021-03-18 09:12:48] [60005] iBRM Job Already run shell script ==> {'memo': 'this job (IBRM_Archive.sh)  is already running', 'job_id': 73, 'tg_job_dtl_id': 209859}
[2021-03-18 09:12:50] [60005] iBRM Job Already run shell script ==> {'memo': 'this job (IBRM_Archive.sh)  is already running', 'job_id': 73, 'tg_job_dtl_id': 209859}
[2021-03-18 09:12:52] [60005] iBRM Job Already run shell script ==> {'memo': 'this job (IBRM_Archive.sh)  is already running', 'job_id': 73, 'tg_job_dtl_id': 209950}
[2021-03-18 09:12:54] [60005] iBRM Job Already run shell script ==> {'memo': 'this job (IBRM_Archive.sh)  is already running', 'job_id': 73, 'tg_job_dtl_id': 209950}
[2021-03-18 09:13:28] [60005] iBRM Job Already run shell script ==> {'memo': 'this job (IBRM_Archive.sh)  is already running', 'job_id': 73, 'tg_job_dtl_id': 209859}
[2021-03-18 09:13:30] [60005] iBRM Job Already run shell script ==> {'memo': 'this job (IBRM_Archive.sh)  is already running', 'job_id': 73, 'tg_job_dtl_id': 209950}
[2021-03-18 09:13:33] [60005] iBRM Job Already run shell script ==> {'memo': 'this job (IBRM_Archive.sh)  is already running', 'job_id': 73, 'tg_job_dtl_id': 209950}
[2021-03-18 09:14:05] [60005] iBRM Job Already run shell script ==> {'memo': 'this job (IBRM_Archive.sh)  is already running', 'job_id': 73, 'tg_job_dtl_id': 209859}
[2021-03-18 09:14:07] [60005] iBRM Job Already run shell script ==> {'memo': 'this job (IBRM_Archive.sh)  is already running', 'job_id': 73, 'tg_job_dtl_id': 209859}
[2021-03-18 09:14:09] [60005] iBRM Job Already run shell script ==> {'memo': 'this job (IBRM_Archive.sh)  is already running', 'job_id': 73, 'tg_job_dtl_id': 209950}
[2021-03-18 09:14:11] [60005] iBRM Job Already run shell script ==> {'memo': 'this job (IBRM_Archive.sh)  is already running', 'job_id': 73, 'tg_job_dtl_id': 209950}
[2021-03-18 09:14:43] [60005] iBRM Job Already run shell script ==> {'memo': 'this job (IBRM_Archive.sh)  is already running', 'job_id': 73, 'tg_job_dtl_id': 209859}
[2021-03-18 09:14:45] [60005] iBRM Job Already run shell script ==> {'memo': 'this job (IBRM_Archive.sh)  is already running', 'job_id': 73, 'tg_job_dtl_id': 209859}
[2021-03-18 09:14:48] [60005] iBRM Job Already run shell script ==> {'memo': 'this job (IBRM_Archive.sh)  is already running', 'job_id': 73, 'tg_job_dtl_id': 209950}
[2021-03-18 09:14:50] [60005] iBRM Job Already run shell script ==> {'memo': 'this job (IBRM_Archive.sh)  is already running', 'job_id': 73, 'tg_job_dtl_id': 209950}
[2021-03-18 09:15:22] [60005] iBRM Job Already run shell script ==> {'memo': 'this job (IBRM_Archive.sh)  is already running', 'job_id': 73, 'tg_job_dtl_id': 209859}
[2021-03-18 09:15:24] [60005] iBRM Job Already run shell script ==> {'memo': 'this job (IBRM_Archive.sh)  is already running', 'job_id': 73, 'tg_job_dtl_id': 209859}
[2021-03-18 09:15:26] [60005] iBRM Job Already run shell script ==> {'memo': 'this job (IBRM_Archive.sh)  is already running', 'job_id': 73, 'tg_job_dtl_id': 209950}
[2021-03-18 09:15:28] [60005] iBRM Job Already run shell script ==> {'memo': 'this job (IBRM_Archive.sh)  is already running', 'job_id': 73, 'tg_job_dtl_id': 209950}
[2021-03-18 09:16:03] [60005] iBRM Job Already run shell script ==> {'memo': 'this job (IBRM_Archive.sh)  is already running', 'job_id': 73, 'tg_job_dtl_id': 209859}
[2021-03-18 09:16:05] [60005] iBRM Job Already run shell script ==> {'memo': 'this job (IBRM_Archive.sh)  is already running', 'job_id': 73, 'tg_job_dtl_id': 209950}
[2021-03-18 09:16:07] [60005] iBRM Job Already run shell script ==> {'memo': 'this job (IBRM_Archive.sh)  is already running', 'job_id': 73, 'tg_job_dtl_id': 209950}
[2021-03-18 09:16:39] [60005] iBRM Job Already run shell script ==> {'memo': 'this job (IBRM_Archive.sh)  is already running', 'job_id': 73, 'tg_job_dtl_id': 209859}
[2021-03-18 09:16:41] [60005] iBRM Job Already run shell script ==> {'memo': 'this job (IBRM_Archive.sh)  is already running', 'job_id': 73, 'tg_job_dtl_id': 209859}
[2021-03-18 09:16:43] [60005] iBRM Job Already run shell script ==> {'memo': 'this job (IBRM_Archive.sh)  is already running', 'job_id': 73, 'tg_job_dtl_id': 209950}
[2021-03-18 09:16:45] [60005] iBRM Job Already run shell script ==> {'memo': 'this job (IBRM_Archive.sh)  is already running', 'job_id': 73, 'tg_job_dtl_id': 209950}
[2021-03-18 09:17:18] [60005] iBRM Job Already run shell script ==> {'memo': 'this job (IBRM_Archive.sh)  is already running', 'job_id': 73, 'tg_job_dtl_id': 209859}
[2021-03-18 09:17:20] [60005] iBRM Job Already run shell script ==> {'memo': 'this job (IBRM_Archive.sh)  is already running', 'job_id': 73, 'tg_job_dtl_id': 209859}
[2021-03-18 09:17:22] [60005] iBRM Job Already run shell script ==> {'memo': 'this job (IBRM_Archive.sh)  is already running', 'job_id': 73, 'tg_job_dtl_id': 209950}
[2021-03-18 09:17:24] [60005] iBRM Job Already run shell script ==> {'memo': 'this job (IBRM_Archive.sh)  is already running', 'job_id': 73, 'tg_job_dtl_id': 209950}
[2021-03-18 09:17:56] [60005] iBRM Job Already run shell script ==> {'memo': 'this job (IBRM_Archive.sh)  is already running', 'job_id': 73, 'tg_job_dtl_id': 209859}
[2021-03-18 09:17:58] [60005] iBRM Job Already run shell script ==> {'memo': 'this job (IBRM_Archive.sh)  is already running', 'job_id': 73, 'tg_job_dtl_id': 209859}
[2021-03-18 09:18:00] [60005] iBRM Job Already run shell script ==> {'memo': 'this job (IBRM_Archive.sh)  is already running', 'job_id': 73, 'tg_job_dtl_id': 209950}
[2021-03-18 09:18:02] [60005] iBRM Job Already run shell script ==> {'memo': 'this job (IBRM_Archive.sh)  is already running', 'job_id': 73, 'tg_job_dtl_id': 209950}
[2021-03-18 09:18:37] [60005] iBRM Job Already run shell script ==> {'memo': 'this job (IBRM_Archive.sh)  is already running', 'job_id': 73, 'tg_job_dtl_id': 209859}
[2021-03-18 09:18:39] [60005] iBRM Job Already run shell script ==> {'memo': 'this job (IBRM_Archive.sh)  is already running', 'job_id': 73, 'tg_job_dtl_id': 209950}
[2021-03-18 09:18:41] [60005] iBRM Job Already run shell script ==> {'memo': 'this job (IBRM_Archive.sh)  is already running', 'job_id': 73, 'tg_job_dtl_id': 209950}
[2021-03-18 09:19:13] [60005] iBRM Job Already run shell script ==> {'memo': 'this job (IBRM_Archive.sh)  is already running', 'job_id': 73, 'tg_job_dtl_id': 209859}
[2021-03-18 09:19:15] [60005] iBRM Job Already run shell script ==> {'memo': 'this job (IBRM_Archive.sh)  is already running', 'job_id': 73, 'tg_job_dtl_id': 209859}
[2021-03-18 09:19:18] [60005] iBRM Job Already run shell script ==> {'memo': 'this job (IBRM_Archive.sh)  is already running', 'job_id': 73, 'tg_job_dtl_id': 209950}
[2021-03-18 09:19:20] [60005] iBRM Job Already run shell script ==> {'memo': 'this job (IBRM_Archive.sh)  is already running', 'job_id': 73, 'tg_job_dtl_id': 209950}
[2021-03-18 09:19:52] [60005] iBRM Job Already run shell script ==> {'memo': 'this job (IBRM_Archive.sh)  is already running', 'job_id': 73, 'tg_job_dtl_id': 209859}
[2021-03-18 09:19:54] [60005] iBRM Job Already run shell script ==> {'memo': 'this job (IBRM_Archive.sh)  is already running', 'job_id': 73, 'tg_job_dtl_id': 209859}
[2021-03-18 09:19:56] [60005] iBRM Job Already run shell script ==> {'memo': 'this job (IBRM_Archive.sh)  is already running', 'job_id': 73, 'tg_job_dtl_id': 209950}
[2021-03-18 09:19:58] [60005] iBRM Job Already run shell script ==> {'memo': 'this job (IBRM_Archive.sh)  is already running', 'job_id': 73, 'tg_job_dtl_id': 209950}
[2021-03-18 09:20:30] [60005] iBRM Job Already run shell script ==> {'memo': 'this job (IBRM_Archive.sh)  is already running', 'job_id': 73, 'tg_job_dtl_id': 209859}
[2021-03-18 09:20:32] [60005] iBRM Job Already run shell script ==> {'memo': 'this job (IBRM_Archive.sh)  is already running', 'job_id': 73, 'tg_job_dtl_id': 209859}
[2021-03-18 09:20:35] [60005] iBRM Job Already run shell script ==> {'memo': 'this job (IBRM_Archive.sh)  is already running', 'job_id': 73, 'tg_job_dtl_id': 209950}
[2021-03-18 09:20:37] [60005] iBRM Job Already run shell script ==> {'memo': 'this job (IBRM_Archive.sh)  is already running', 'job_id': 73, 'tg_job_dtl_id': 209950}
[2021-03-18 09:21:11] [60005] iBRM Job Already run shell script ==> {'memo': 'this job (IBRM_Archive.sh)  is already running', 'job_id': 73, 'tg_job_dtl_id': 209859}
[2021-03-18 09:21:13] [60005] iBRM Job Already run shell script ==> {'memo': 'this job (IBRM_Archive.sh)  is already running', 'job_id': 73, 'tg_job_dtl_id': 209950}
[2021-03-18 09:21:15] [60005] iBRM Job Already run shell script ==> {'memo': 'this job (IBRM_Archive.sh)  is already running', 'job_id': 73, 'tg_job_dtl_id': 209950}
[2021-03-18 09:21:48] [60005] iBRM Job Already run shell script ==> {'memo': 'this job (IBRM_Archive.sh)  is already running', 'job_id': 73, 'tg_job_dtl_id': 209859}
[2021-03-18 09:21:50] [60005] iBRM Job Already run shell script ==> {'memo': 'this job (IBRM_Archive.sh)  is already running', 'job_id': 73, 'tg_job_dtl_id': 209859}
[2021-03-18 09:21:52] [60005] iBRM Job Already run shell script ==> {'memo': 'this job (IBRM_Archive.sh)  is already running', 'job_id': 73, 'tg_job_dtl_id': 209950}
[2021-03-18 09:21:54] [60005] iBRM Job Already run shell script ==> {'memo': 'this job (IBRM_Archive.sh)  is already running', 'job_id': 73, 'tg_job_dtl_id': 209950}
[2021-03-18 09:22:26] [60005] iBRM Job Already run shell script ==> {'memo': 'this job (IBRM_Archive.sh)  is already running', 'job_id': 73, 'tg_job_dtl_id': 209859}
[2021-03-18 09:22:28] [60005] iBRM Job Already run shell script ==> {'memo': 'this job (IBRM_Archive.sh)  is already running', 'job_id': 73, 'tg_job_dtl_id': 209859}
[2021-03-18 09:22:30] [60005] iBRM Job Already run shell script ==> {'memo': 'this job (IBRM_Archive.sh)  is already running', 'job_id': 73, 'tg_job_dtl_id': 209950}
[2021-03-18 09:22:32] [60005] iBRM Job Already run shell script ==> {'memo': 'this job (IBRM_Archive.sh)  is already running', 'job_id': 73, 'tg_job_dtl_id': 209950}
[2021-03-18 09:23:05] [60005] iBRM Job Already run shell script ==> {'memo': 'this job (IBRM_Archive.sh)  is already running', 'job_id': 73, 'tg_job_dtl_id': 209859}
[2021-03-18 09:23:07] [60005] iBRM Job Already run shell script ==> {'memo': 'this job (IBRM_Archive.sh)  is already running', 'job_id': 73, 'tg_job_dtl_id': 209859}
[2021-03-18 09:23:09] [60005] iBRM Job Already run shell script ==> {'memo': 'this job (IBRM_Archive.sh)  is already running', 'job_id': 73, 'tg_job_dtl_id': 209950}
[2021-03-18 09:23:11] [60005] iBRM Job Already run shell script ==> {'memo': 'this job (IBRM_Archive.sh)  is already running', 'job_id': 73, 'tg_job_dtl_id': 209950}
[2021-03-18 09:23:45] [60005] iBRM Job Already run shell script ==> {'memo': 'this job (IBRM_Archive.sh)  is already running', 'job_id': 73, 'tg_job_dtl_id': 209859}
[2021-03-18 09:23:48] [60005] iBRM Job Already run shell script ==> {'memo': 'this job (IBRM_Archive.sh)  is already running', 'job_id': 73, 'tg_job_dtl_id': 209950}
[2021-03-18 09:23:50] [60005] iBRM Job Already run shell script ==> {'memo': 'this job (IBRM_Archive.sh)  is already running', 'job_id': 73, 'tg_job_dtl_id': 209950}
[2021-03-18 09:24:22] [60005] iBRM Job Already run shell script ==> {'memo': 'this job (IBRM_Archive.sh)  is already running', 'job_id': 73, 'tg_job_dtl_id': 209859}
[2021-03-18 09:24:24] [60005] iBRM Job Already run shell script ==> {'memo': 'this job (IBRM_Archive.sh)  is already running', 'job_id': 73, 'tg_job_dtl_id': 209859}
[2021-03-18 09:24:26] [60005] iBRM Job Already run shell script ==> {'memo': 'this job (IBRM_Archive.sh)  is already running', 'job_id': 73, 'tg_job_dtl_id': 209950}
[2021-03-18 09:24:28] [60005] iBRM Job Already run shell script ==> {'memo': 'this job (IBRM_Archive.sh)  is already running', 'job_id': 73, 'tg_job_dtl_id': 209950}
[2021-03-18 09:25:03] [60005] iBRM Job Already run shell script ==> {'memo': 'this job (IBRM_Incr_Level1_Weekly.sh)  is already running', 'job_id': 72, 'tg_job_dtl_id': 209926}
[2021-03-18 09:25:05] [60005] iBRM Job Already run shell script ==> {'memo': 'this job (IBRM_Archive.sh)  is already running', 'job_id': 73, 'tg_job_dtl_id': 209859}
[2021-03-18 09:25:07] [60005] iBRM Job Already run shell script ==> {'memo': 'this job (IBRM_Archive.sh)  is already running', 'job_id': 73, 'tg_job_dtl_id': 209859}
[2021-03-18 09:25:09] [60005] iBRM Job Already run shell script ==> {'memo': 'this job (IBRM_Archive.sh)  is already running', 'job_id': 73, 'tg_job_dtl_id': 209950}
[2021-03-18 09:25:11] [60005] iBRM Job Already run shell script ==> {'memo': 'this job (IBRM_Archive.sh)  is already running', 'job_id': 73, 'tg_job_dtl_id': 209950}
[2021-03-18 09:25:43] [60005] iBRM Job Already run shell script ==> {'memo': 'this job (IBRM_Archive.sh)  is already running', 'job_id': 73, 'tg_job_dtl_id': 209859}
[2021-03-18 09:25:45] [60005] iBRM Job Already run shell script ==> {'memo': 'this job (IBRM_Archive.sh)  is already running', 'job_id': 73, 'tg_job_dtl_id': 209859}
[2021-03-18 09:25:47] [60005] iBRM Job Already run shell script ==> {'memo': 'this job (IBRM_Archive.sh)  is already running', 'job_id': 73, 'tg_job_dtl_id': 209950}
[2021-03-18 09:25:49] [60005] iBRM Job Already run shell script ==> {'memo': 'this job (IBRM_Archive.sh)  is already running', 'job_id': 73, 'tg_job_dtl_id': 209950}
[2021-03-18 09:26:22] [60005] iBRM Job Already run shell script ==> {'memo': 'this job (IBRM_Archive.sh)  is already running', 'job_id': 73, 'tg_job_dtl_id': 209859}
[2021-03-18 09:26:24] [60005] iBRM Job Already run shell script ==> {'memo': 'this job (IBRM_Archive.sh)  is already running', 'job_id': 73, 'tg_job_dtl_id': 209859}
[2021-03-18 09:26:26] [60005] iBRM Job Already run shell script ==> {'memo': 'this job (IBRM_Archive.sh)  is already running', 'job_id': 73, 'tg_job_dtl_id': 209950}
[2021-03-18 09:26:28] [60005] iBRM Job Already run shell script ==> {'memo': 'this job (IBRM_Archive.sh)  is already running', 'job_id': 73, 'tg_job_dtl_id': 209950}
[2021-03-18 09:27:00] [60005] iBRM Job Already run shell script ==> {'memo': 'this job (IBRM_Archive.sh)  is already running', 'job_id': 73, 'tg_job_dtl_id': 209859}
[2021-03-18 09:27:02] [60005] iBRM Job Already run shell script ==> {'memo': 'this job (IBRM_Archive.sh)  is already running', 'job_id': 73, 'tg_job_dtl_id': 209859}
[2021-03-18 09:27:04] [60005] iBRM Job Already run shell script ==> {'memo': 'this job (IBRM_Archive.sh)  is already running', 'job_id': 73, 'tg_job_dtl_id': 209950}
[2021-03-18 09:27:06] [60005] iBRM Job Already run shell script ==> {'memo': 'this job (IBRM_Archive.sh)  is already running', 'job_id': 73, 'tg_job_dtl_id': 209950}
[2021-03-18 09:27:39] [60005] iBRM Job Already run shell script ==> {'memo': 'this job (IBRM_Archive.sh)  is already running', 'job_id': 73, 'tg_job_dtl_id': 209859}
[2021-03-18 09:27:41] [60005] iBRM Job Already run shell script ==> {'memo': 'this job (IBRM_Archive.sh)  is already running', 'job_id': 73, 'tg_job_dtl_id': 209859}
[2021-03-18 09:27:43] [60005] iBRM Job Already run shell script ==> {'memo': 'this job (IBRM_Archive.sh)  is already running', 'job_id': 73, 'tg_job_dtl_id': 209950}
[2021-03-18 09:27:45] [60005] iBRM Job Already run shell script ==> {'memo': 'this job (IBRM_Archive.sh)  is already running', 'job_id': 73, 'tg_job_dtl_id': 209950}
[2021-03-18 09:28:17] [60005] iBRM Job Already run shell script ==> {'memo': 'this job (IBRM_Archive.sh)  is already running', 'job_id': 73, 'tg_job_dtl_id': 209859}
[2021-03-18 09:28:19] [60005] iBRM Job Already run shell script ==> {'memo': 'this job (IBRM_Archive.sh)  is already running', 'job_id': 73, 'tg_job_dtl_id': 209859}
[2021-03-18 09:28:22] [60005] iBRM Job Already run shell script ==> {'memo': 'this job (IBRM_Archive.sh)  is already running', 'job_id': 73, 'tg_job_dtl_id': 209950}
[2021-03-18 09:28:24] [60005] iBRM Job Already run shell script ==> {'memo': 'this job (IBRM_Archive.sh)  is already running', 'job_id': 73, 'tg_job_dtl_id': 209950}
[2021-03-18 09:28:56] [60005] iBRM Job Already run shell script ==> {'memo': 'this job (IBRM_Archive.sh)  is already running', 'job_id': 73, 'tg_job_dtl_id': 209859}
[2021-03-18 09:28:58] [60005] iBRM Job Already run shell script ==> {'memo': 'this job (IBRM_Archive.sh)  is already running', 'job_id': 73, 'tg_job_dtl_id': 209859}
[2021-03-18 09:29:00] [60005] iBRM Job Already run shell script ==> {'memo': 'this job (IBRM_Archive.sh)  is already running', 'job_id': 73, 'tg_job_dtl_id': 209950}
[2021-03-18 09:29:02] [60005] iBRM Job Already run shell script ==> {'memo': 'this job (IBRM_Archive.sh)  is already running', 'job_id': 73, 'tg_job_dtl_id': 209950}
[2021-03-18 09:29:35] [60005] iBRM Job Already run shell script ==> {'memo': 'this job (IBRM_Archive.sh)  is already running', 'job_id': 73, 'tg_job_dtl_id': 209859}
[2021-03-18 09:29:37] [60005] iBRM Job Already run shell script ==> {'memo': 'this job (IBRM_Archive.sh)  is already running', 'job_id': 73, 'tg_job_dtl_id': 209859}
[2021-03-18 09:29:39] [60005] iBRM Job Already run shell script ==> {'memo': 'this job (IBRM_Archive.sh)  is already running', 'job_id': 73, 'tg_job_dtl_id': 209950}
[2021-03-18 09:29:41] [60005] iBRM Job Already run shell script ==> {'memo': 'this job (IBRM_Archive.sh)  is already running', 'job_id': 73, 'tg_job_dtl_id': 209950}
[2021-03-18 09:30:13] [60005] iBRM Job Already run shell script ==> {'memo': 'this job (IBRM_Archive.sh)  is already running', 'job_id': 73, 'tg_job_dtl_id': 209859}
[2021-03-18 09:30:15] [60005] iBRM Job Already run shell script ==> {'memo': 'this job (IBRM_Archive.sh)  is already running', 'job_id': 73, 'tg_job_dtl_id': 209859}
[2021-03-18 09:30:17] [60005] iBRM Job Already run shell script ==> {'memo': 'this job (IBRM_Archive.sh)  is already running', 'job_id': 73, 'tg_job_dtl_id': 209950}
[2021-03-18 09:30:19] [60005] iBRM Job Already run shell script ==> {'memo': 'this job (IBRM_Archive.sh)  is already running', 'job_id': 73, 'tg_job_dtl_id': 209950}
[2021-03-18 09:30:52] [60005] iBRM Job Already run shell script ==> {'memo': 'this job (IBRM_Archive.sh)  is already running', 'job_id': 73, 'tg_job_dtl_id': 209859}
[2021-03-18 09:30:54] [60005] iBRM Job Already run shell script ==> {'memo': 'this job (IBRM_Archive.sh)  is already running', 'job_id': 73, 'tg_job_dtl_id': 209859}
[2021-03-18 09:30:56] [60005] iBRM Job Already run shell script ==> {'memo': 'this job (IBRM_Archive.sh)  is already running', 'job_id': 73, 'tg_job_dtl_id': 209950}
[2021-03-18 09:30:58] [60005] iBRM Job Already run shell script ==> {'memo': 'this job (IBRM_Archive.sh)  is already running', 'job_id': 73, 'tg_job_dtl_id': 209950}
[2021-03-18 09:31:30] [60005] iBRM Job Already run shell script ==> {'memo': 'this job (IBRM_Archive.sh)  is already running', 'job_id': 73, 'tg_job_dtl_id': 209859}
[2021-03-18 09:31:32] [60005] iBRM Job Already run shell script ==> {'memo': 'this job (IBRM_Archive.sh)  is already running', 'job_id': 73, 'tg_job_dtl_id': 209859}
[2021-03-18 09:31:34] [60005] iBRM Job Already run shell script ==> {'memo': 'this job (IBRM_Archive.sh)  is already running', 'job_id': 73, 'tg_job_dtl_id': 209950}
[2021-03-18 09:31:36] [60005] iBRM Job Already run shell script ==> {'memo': 'this job (IBRM_Archive.sh)  is already running', 'job_id': 73, 'tg_job_dtl_id': 209950}
[2021-03-18 09:32:09] [60005] iBRM Job Already run shell script ==> {'memo': 'this job (IBRM_Archive.sh)  is already running', 'job_id': 73, 'tg_job_dtl_id': 209859}
[2021-03-18 09:32:11] [60005] iBRM Job Already run shell script ==> {'memo': 'this job (IBRM_Archive.sh)  is already running', 'job_id': 73, 'tg_job_dtl_id': 209859}
[2021-03-18 09:32:13] [60005] iBRM Job Already run shell script ==> {'memo': 'this job (IBRM_Archive.sh)  is already running', 'job_id': 73, 'tg_job_dtl_id': 209950}
[2021-03-18 09:32:15] [60005] iBRM Job Already run shell script ==> {'memo': 'this job (IBRM_Archive.sh)  is already running', 'job_id': 73, 'tg_job_dtl_id': 209950}
[2021-03-18 09:32:47] [60005] iBRM Job Already run shell script ==> {'memo': 'this job (IBRM_Archive.sh)  is already running', 'job_id': 73, 'tg_job_dtl_id': 209859}
[2021-03-18 09:32:49] [60005] iBRM Job Already run shell script ==> {'memo': 'this job (IBRM_Archive.sh)  is already running', 'job_id': 73, 'tg_job_dtl_id': 209859}
[2021-03-18 09:32:51] [60005] iBRM Job Already run shell script ==> {'memo': 'this job (IBRM_Archive.sh)  is already running', 'job_id': 73, 'tg_job_dtl_id': 209950}
[2021-03-18 09:32:53] [60005] iBRM Job Already run shell script ==> {'memo': 'this job (IBRM_Archive.sh)  is already running', 'job_id': 73, 'tg_job_dtl_id': 209950}
[2021-03-18 09:33:26] [60005] iBRM Job Already run shell script ==> {'memo': 'this job (IBRM_Archive.sh)  is already running', 'job_id': 73, 'tg_job_dtl_id': 209859}
[2021-03-18 09:33:28] [60005] iBRM Job Already run shell script ==> {'memo': 'this job (IBRM_Archive.sh)  is already running', 'job_id': 73, 'tg_job_dtl_id': 209859}
[2021-03-18 09:33:30] [60005] iBRM Job Already run shell script ==> {'memo': 'this job (IBRM_Archive.sh)  is already running', 'job_id': 73, 'tg_job_dtl_id': 209950}
[2021-03-18 09:33:32] [60005] iBRM Job Already run shell script ==> {'memo': 'this job (IBRM_Archive.sh)  is already running', 'job_id': 73, 'tg_job_dtl_id': 209950}
[2021-03-18 09:34:04] [60005] iBRM Job Already run shell script ==> {'memo': 'this job (IBRM_Archive.sh)  is already running', 'job_id': 73, 'tg_job_dtl_id': 209859}
[2021-03-18 09:34:06] [60005] iBRM Job Already run shell script ==> {'memo': 'this job (IBRM_Archive.sh)  is already running', 'job_id': 73, 'tg_job_dtl_id': 209859}
[2021-03-18 09:34:09] [60005] iBRM Job Already run shell script ==> {'memo': 'this job (IBRM_Archive.sh)  is already running', 'job_id': 73, 'tg_job_dtl_id': 209950}
[2021-03-18 09:34:11] [60005] iBRM Job Already run shell script ==> {'memo': 'this job (IBRM_Archive.sh)  is already running', 'job_id': 73, 'tg_job_dtl_id': 209950}
[2021-03-18 09:34:43] [60005] iBRM Job Already run shell script ==> {'memo': 'this job (IBRM_Archive.sh)  is already running', 'job_id': 73, 'tg_job_dtl_id': 209859}
[2021-03-18 09:34:45] [60005] iBRM Job Already run shell script ==> {'memo': 'this job (IBRM_Archive.sh)  is already running', 'job_id': 73, 'tg_job_dtl_id': 209859}
[2021-03-18 09:34:47] [60005] iBRM Job Already run shell script ==> {'memo': 'this job (IBRM_Archive.sh)  is already running', 'job_id': 73, 'tg_job_dtl_id': 209950}
[2021-03-18 09:34:49] [60005] iBRM Job Already run shell script ==> {'memo': 'this job (IBRM_Archive.sh)  is already running', 'job_id': 73, 'tg_job_dtl_id': 209950}
[2021-03-18 09:35:22] [60005] iBRM Job Already run shell script ==> {'memo': 'this job (IBRM_Archive.sh)  is already running', 'job_id': 73, 'tg_job_dtl_id': 209859}
[2021-03-18 09:35:24] [60005] iBRM Job Already run shell script ==> {'memo': 'this job (IBRM_Archive.sh)  is already running', 'job_id': 73, 'tg_job_dtl_id': 209859}
[2021-03-18 09:35:26] [60005] iBRM Job Already run shell script ==> {'memo': 'this job (IBRM_Archive.sh)  is already running', 'job_id': 73, 'tg_job_dtl_id': 209950}
[2021-03-18 09:35:28] [60005] iBRM Job Already run shell script ==> {'memo': 'this job (IBRM_Archive.sh)  is already running', 'job_id': 73, 'tg_job_dtl_id': 209950}
[2021-03-18 09:36:00] [60005] iBRM Job Already run shell script ==> {'memo': 'this job (IBRM_Archive.sh)  is already running', 'job_id': 73, 'tg_job_dtl_id': 209859}
[2021-03-18 09:36:02] [60005] iBRM Job Already run shell script ==> {'memo': 'this job (IBRM_Archive.sh)  is already running', 'job_id': 73, 'tg_job_dtl_id': 209859}
[2021-03-18 09:36:04] [60005] iBRM Job Already run shell script ==> {'memo': 'this job (IBRM_Archive.sh)  is already running', 'job_id': 73, 'tg_job_dtl_id': 209950}
[2021-03-18 09:36:06] [60005] iBRM Job Already run shell script ==> {'memo': 'this job (IBRM_Archive.sh)  is already running', 'job_id': 73, 'tg_job_dtl_id': 209950}
[2021-03-18 09:36:39] [60005] iBRM Job Already run shell script ==> {'memo': 'this job (IBRM_Archive.sh)  is already running', 'job_id': 73, 'tg_job_dtl_id': 209859}
[2021-03-18 09:36:41] [60005] iBRM Job Already run shell script ==> {'memo': 'this job (IBRM_Archive.sh)  is already running', 'job_id': 73, 'tg_job_dtl_id': 209859}
[2021-03-18 09:36:43] [60005] iBRM Job Already run shell script ==> {'memo': 'this job (IBRM_Archive.sh)  is already running', 'job_id': 73, 'tg_job_dtl_id': 209950}
[2021-03-18 09:36:45] [60005] iBRM Job Already run shell script ==> {'memo': 'this job (IBRM_Archive.sh)  is already running', 'job_id': 73, 'tg_job_dtl_id': 209950}
[2021-03-18 09:37:17] [60005] iBRM Job Already run shell script ==> {'memo': 'this job (IBRM_Archive.sh)  is already running', 'job_id': 73, 'tg_job_dtl_id': 209859}
[2021-03-18 09:37:19] [60005] iBRM Job Already run shell script ==> {'memo': 'this job (IBRM_Archive.sh)  is already running', 'job_id': 73, 'tg_job_dtl_id': 209859}
[2021-03-18 09:37:21] [60005] iBRM Job Already run shell script ==> {'memo': 'this job (IBRM_Archive.sh)  is already running', 'job_id': 73, 'tg_job_dtl_id': 209950}
[2021-03-18 09:37:23] [60005] iBRM Job Already run shell script ==> {'memo': 'this job (IBRM_Archive.sh)  is already running', 'job_id': 73, 'tg_job_dtl_id': 209950}
[2021-03-18 09:37:56] [60005] iBRM Job Already run shell script ==> {'memo': 'this job (IBRM_Archive.sh)  is already running', 'job_id': 73, 'tg_job_dtl_id': 209859}
[2021-03-18 09:37:58] [60005] iBRM Job Already run shell script ==> {'memo': 'this job (IBRM_Archive.sh)  is already running', 'job_id': 73, 'tg_job_dtl_id': 209859}
[2021-03-18 09:38:00] [60005] iBRM Job Already run shell script ==> {'memo': 'this job (IBRM_Archive.sh)  is already running', 'job_id': 73, 'tg_job_dtl_id': 209950}
[2021-03-18 09:38:02] [60005] iBRM Job Already run shell script ==> {'memo': 'this job (IBRM_Archive.sh)  is already running', 'job_id': 73, 'tg_job_dtl_id': 209950}
[2021-03-18 09:38:34] [60005] iBRM Job Already run shell script ==> {'memo': 'this job (IBRM_Archive.sh)  is already running', 'job_id': 73, 'tg_job_dtl_id': 209859}
[2021-03-18 09:38:36] [60005] iBRM Job Already run shell script ==> {'memo': 'this job (IBRM_Archive.sh)  is already running', 'job_id': 73, 'tg_job_dtl_id': 209859}
[2021-03-18 09:38:39] [60005] iBRM Job Already run shell script ==> {'memo': 'this job (IBRM_Archive.sh)  is already running', 'job_id': 73, 'tg_job_dtl_id': 209950}
[2021-03-18 09:38:41] [60005] iBRM Job Already run shell script ==> {'memo': 'this job (IBRM_Archive.sh)  is already running', 'job_id': 73, 'tg_job_dtl_id': 209950}
[2021-03-18 09:39:13] [60005] iBRM Job Already run shell script ==> {'memo': 'this job (IBRM_Archive.sh)  is already running', 'job_id': 73, 'tg_job_dtl_id': 209859}
[2021-03-18 09:39:15] [60005] iBRM Job Already run shell script ==> {'memo': 'this job (IBRM_Archive.sh)  is already running', 'job_id': 73, 'tg_job_dtl_id': 209859}
[2021-03-18 09:39:17] [60005] iBRM Job Already run shell script ==> {'memo': 'this job (IBRM_Archive.sh)  is already running', 'job_id': 73, 'tg_job_dtl_id': 209950}
[2021-03-18 09:39:19] [60005] iBRM Job Already run shell script ==> {'memo': 'this job (IBRM_Archive.sh)  is already running', 'job_id': 73, 'tg_job_dtl_id': 209950}
[2021-03-18 09:39:54] [60005] iBRM Job Already run shell script ==> {'memo': 'this job (IBRM_Archive.sh)  is already running', 'job_id': 73, 'tg_job_dtl_id': 209859}
[2021-03-18 09:39:56] [60005] iBRM Job Already run shell script ==> {'memo': 'this job (IBRM_Archive.sh)  is already running', 'job_id': 73, 'tg_job_dtl_id': 209950}
[2021-03-18 09:39:58] [60005] iBRM Job Already run shell script ==> {'memo': 'this job (IBRM_Archive.sh)  is already running', 'job_id': 73, 'tg_job_dtl_id': 209950}
[2021-03-18 09:40:32] [60005] iBRM Job Already run shell script ==> {'memo': 'this job (IBRM_Archive.sh)  is already running', 'job_id': 73, 'tg_job_dtl_id': 209859}
[2021-03-18 09:40:34] [60005] iBRM Job Already run shell script ==> {'memo': 'this job (IBRM_Archive.sh)  is already running', 'job_id': 73, 'tg_job_dtl_id': 209950}
[2021-03-18 09:40:36] [60005] iBRM Job Already run shell script ==> {'memo': 'this job (IBRM_Archive.sh)  is already running', 'job_id': 73, 'tg_job_dtl_id': 209950}
[2021-03-18 09:41:11] [60005] iBRM Job Already run shell script ==> {'memo': 'this job (IBRM_Archive.sh)  is already running', 'job_id': 73, 'tg_job_dtl_id': 209859}
[2021-03-18 09:41:13] [60005] iBRM Job Already run shell script ==> {'memo': 'this job (IBRM_Archive.sh)  is already running', 'job_id': 73, 'tg_job_dtl_id': 209950}
[2021-03-18 09:41:15] [60005] iBRM Job Already run shell script ==> {'memo': 'this job (IBRM_Archive.sh)  is already running', 'job_id': 73, 'tg_job_dtl_id': 209950}
[2021-03-18 09:41:49] [60005] iBRM Job Already run shell script ==> {'memo': 'this job (IBRM_Archive.sh)  is already running', 'job_id': 73, 'tg_job_dtl_id': 209859}
[2021-03-18 09:41:52] [60005] iBRM Job Already run shell script ==> {'memo': 'this job (IBRM_Archive.sh)  is already running', 'job_id': 73, 'tg_job_dtl_id': 209950}
[2021-03-18 09:41:54] [60005] iBRM Job Already run shell script ==> {'memo': 'this job (IBRM_Archive.sh)  is already running', 'job_id': 73, 'tg_job_dtl_id': 209950}
[2021-03-18 09:42:28] [60005] iBRM Job Already run shell script ==> {'memo': 'this job (IBRM_Archive.sh)  is already running', 'job_id': 73, 'tg_job_dtl_id': 209859}
[2021-03-18 09:42:30] [60005] iBRM Job Already run shell script ==> {'memo': 'this job (IBRM_Archive.sh)  is already running', 'job_id': 73, 'tg_job_dtl_id': 209950}
[2021-03-18 09:42:32] [60005] iBRM Job Already run shell script ==> {'memo': 'this job (IBRM_Archive.sh)  is already running', 'job_id': 73, 'tg_job_dtl_id': 209950}
[2021-03-18 09:43:07] [60005] iBRM Job Already run shell script ==> {'memo': 'this job (IBRM_Archive.sh)  is already running', 'job_id': 73, 'tg_job_dtl_id': 209859}
[2021-03-18 09:43:09] [60005] iBRM Job Already run shell script ==> {'memo': 'this job (IBRM_Archive.sh)  is already running', 'job_id': 73, 'tg_job_dtl_id': 209950}
[2021-03-18 09:43:11] [60005] iBRM Job Already run shell script ==> {'memo': 'this job (IBRM_Archive.sh)  is already running', 'job_id': 73, 'tg_job_dtl_id': 209950}
[2021-03-18 09:43:45] [60005] iBRM Job Already run shell script ==> {'memo': 'this job (IBRM_Archive.sh)  is already running', 'job_id': 73, 'tg_job_dtl_id': 209859}
[2021-03-18 09:43:47] [60005] iBRM Job Already run shell script ==> {'memo': 'this job (IBRM_Archive.sh)  is already running', 'job_id': 73, 'tg_job_dtl_id': 209950}
[2021-03-18 09:43:49] [60005] iBRM Job Already run shell script ==> {'memo': 'this job (IBRM_Archive.sh)  is already running', 'job_id': 73, 'tg_job_dtl_id': 209950}
[2021-03-18 09:44:24] [60005] iBRM Job Already run shell script ==> {'memo': 'this job (IBRM_Archive.sh)  is already running', 'job_id': 73, 'tg_job_dtl_id': 209859}
[2021-03-18 09:44:26] [60005] iBRM Job Already run shell script ==> {'memo': 'this job (IBRM_Archive.sh)  is already running', 'job_id': 73, 'tg_job_dtl_id': 209950}
[2021-03-18 09:44:28] [60005] iBRM Job Already run shell script ==> {'memo': 'this job (IBRM_Archive.sh)  is already running', 'job_id': 73, 'tg_job_dtl_id': 209950}
[2021-03-18 09:45:02] [60005] iBRM Job Already run shell script ==> {'memo': 'this job (IBRM_Archive.sh)  is already running', 'job_id': 73, 'tg_job_dtl_id': 209859}
[2021-03-18 09:45:04] [60005] iBRM Job Already run shell script ==> {'memo': 'this job (IBRM_Archive.sh)  is already running', 'job_id': 73, 'tg_job_dtl_id': 209950}
[2021-03-18 09:45:06] [60005] iBRM Job Already run shell script ==> {'memo': 'this job (IBRM_Archive.sh)  is already running', 'job_id': 73, 'tg_job_dtl_id': 209950}
[2021-03-18 09:45:41] [60005] iBRM Job Already run shell script ==> {'memo': 'this job (IBRM_Archive.sh)  is already running', 'job_id': 73, 'tg_job_dtl_id': 209859}
[2021-03-18 09:45:43] [60005] iBRM Job Already run shell script ==> {'memo': 'this job (IBRM_Archive.sh)  is already running', 'job_id': 73, 'tg_job_dtl_id': 209950}
[2021-03-18 09:45:45] [60005] iBRM Job Already run shell script ==> {'memo': 'this job (IBRM_Archive.sh)  is already running', 'job_id': 73, 'tg_job_dtl_id': 209950}
[2021-03-18 09:46:19] [60005] iBRM Job Already run shell script ==> {'memo': 'this job (IBRM_Archive.sh)  is already running', 'job_id': 73, 'tg_job_dtl_id': 209859}
[2021-03-18 09:47:02] [60005] iBRM Job Already run shell script ==> {'memo': 'this job (IBRM_Archive.sh)  is already running', 'job_id': 73, 'tg_job_dtl_id': 209950}
[2021-03-18 09:47:41] [60005] iBRM Job Already run shell script ==> {'memo': 'this job (IBRM_Archive.sh)  is already running', 'job_id': 73, 'tg_job_dtl_id': 209950}
[2021-03-18 09:48:17] [60005] iBRM Job Already run shell script ==> {'memo': 'this job (IBRM_Archive.sh)  is already running', 'job_id': 73, 'tg_job_dtl_id': 209950}
[2021-03-18 09:48:19] [60005] iBRM Job Already run shell script ==> {'memo': 'this job (IBRM_Archive.sh)  is already running', 'job_id': 73, 'tg_job_dtl_id': 209950}
[2021-03-18 09:50:11] [60005] iBRM Job Already run shell script ==> {'memo': 'this job (IBRM_Archive.sh)  is already running', 'job_id': 73, 'tg_job_dtl_id': 209859}
[2021-03-18 09:50:13] [60005] iBRM Job Already run shell script ==> {'memo': 'this job (IBRM_Archive.sh)  is already running', 'job_id': 73, 'tg_job_dtl_id': 209950}
[2021-03-18 09:51:28] [60005] iBRM Job Already run shell script ==> {'memo': 'this job (IBRM_Archive.sh)  is already running', 'job_id': 73, 'tg_job_dtl_id': 209859}
[2021-03-18 09:51:30] [60005] iBRM Job Already run shell script ==> {'memo': 'this job (IBRM_Archive.sh)  is already running', 'job_id': 73, 'tg_job_dtl_id': 209950}
[2021-03-18 09:52:47] [60005] iBRM Job Already run shell script ==> {'memo': 'this job (IBRM_Archive.sh)  is already running', 'job_id': 73, 'tg_job_dtl_id': 209950}
[2021-03-18 09:52:49] [60005] iBRM Job Already run shell script ==> {'memo': 'this job (IBRM_Archive.sh)  is already running', 'job_id': 73, 'tg_job_dtl_id': 209950}
[2021-03-18 09:53:28] [60005] iBRM Job Already run shell script ==> {'memo': 'this job (IBRM_Archive.sh)  is already running', 'job_id': 73, 'tg_job_dtl_id': 209950}
[2021-03-18 09:54:02] [60005] iBRM Job Already run shell script ==> {'memo': 'this job (IBRM_Archive.sh)  is already running', 'job_id': 73, 'tg_job_dtl_id': 209859}
[2021-03-18 09:54:04] [60005] iBRM Job Already run shell script ==> {'memo': 'this job (IBRM_Archive.sh)  is already running', 'job_id': 73, 'tg_job_dtl_id': 209950}
[2021-03-18 09:58:32] [60005] iBRM Job Already run shell script ==> {'memo': 'this job (IBRM_Archive.sh)  is already running', 'job_id': 73, 'tg_job_dtl_id': 209859}
[2021-03-18 09:58:34] [60005] iBRM Job Already run shell script ==> {'memo': 'this job (IBRM_Archive.sh)  is already running', 'job_id': 73, 'tg_job_dtl_id': 209950}
[2021-03-18 10:02:28] [60005] iBRM Job Already run shell script ==> {'memo': 'this job (IBRM_Archive.sh)  is already running', 'job_id': 73, 'tg_job_dtl_id': 209950}
[2021-03-18 10:03:07] [60005] iBRM Job Already run shell script ==> {'memo': 'this job (IBRM_Archive.sh)  is already running', 'job_id': 73, 'tg_job_dtl_id': 209950}
[2021-03-18 10:06:19] [60005] iBRM Job Already run shell script ==> {'memo': 'this job (IBRM_Archive.sh)  is already running', 'job_id': 73, 'tg_job_dtl_id': 209950}
[2021-03-18 10:06:54] [60005] iBRM Job Already run shell script ==> {'memo': 'this job (IBRM_Archive.sh)  is already running', 'job_id': 73, 'tg_job_dtl_id': 209859}
[2021-03-18 10:06:56] [60005] iBRM Job Already run shell script ==> {'memo': 'this job (IBRM_Archive.sh)  is already running', 'job_id': 73, 'tg_job_dtl_id': 209950}
[2021-03-18 10:08:11] [60005] iBRM Job Already run shell script ==> {'memo': 'this job (IBRM_Archive.sh)  is already running', 'job_id': 73, 'tg_job_dtl_id': 209859}
[2021-03-18 10:08:13] [60005] iBRM Job Already run shell script ==> {'memo': 'this job (IBRM_Archive.sh)  is already running', 'job_id': 73, 'tg_job_dtl_id': 209950}
[2021-03-18 10:09:32] [60005] iBRM Job Already run shell script ==> {'memo': 'this job (IBRM_Archive.sh)  is already running', 'job_id': 73, 'tg_job_dtl_id': 209950}
[2021-03-18 10:10:11] [60005] iBRM Job Already run shell script ==> {'memo': 'this job (IBRM_Archive.sh)  is already running', 'job_id': 73, 'tg_job_dtl_id': 209950}
[2021-03-18 10:10:50] [60005] iBRM Job Already run shell script ==> {'memo': 'this job (IBRM_Archive.sh)  is already running', 'job_id': 73, 'tg_job_dtl_id': 209950}
[2021-03-18 10:12:03] [60005] iBRM Job Already run shell script ==> {'memo': 'this job (IBRM_Archive.sh)  is already running', 'job_id': 73, 'tg_job_dtl_id': 209859}
[2021-03-18 10:12:05] [60005] iBRM Job Already run shell script ==> {'memo': 'this job (IBRM_Archive.sh)  is already running', 'job_id': 73, 'tg_job_dtl_id': 209950}
[2021-03-18 10:12:07] [60005] iBRM Job Already run shell script ==> {'memo': 'this job (IBRM_Archive.sh)  is already running', 'job_id': 73, 'tg_job_dtl_id': 209950}
[2021-03-18 10:13:20] [60005] iBRM Job Already run shell script ==> {'memo': 'this job (IBRM_Archive.sh)  is already running', 'job_id': 73, 'tg_job_dtl_id': 209859}
[2021-03-18 10:13:22] [60005] iBRM Job Already run shell script ==> {'memo': 'this job (IBRM_Archive.sh)  is already running', 'job_id': 73, 'tg_job_dtl_id': 209950}
[2021-03-18 10:13:24] [60005] iBRM Job Already run shell script ==> {'memo': 'this job (IBRM_Archive.sh)  is already running', 'job_id': 73, 'tg_job_dtl_id': 209950}
[2021-03-18 10:16:33] [60005] iBRM Job Already run shell script ==> {'memo': 'this job (IBRM_Archive.sh)  is already running', 'job_id': 73, 'tg_job_dtl_id': 209859}
[2021-03-18 10:16:35] [60005] iBRM Job Already run shell script ==> {'memo': 'this job (IBRM_Archive.sh)  is already running', 'job_id': 73, 'tg_job_dtl_id': 209950}
[2021-03-18 10:17:11] [60005] iBRM Job Already run shell script ==> {'memo': 'this job (IBRM_Archive.sh)  is already running', 'job_id': 73, 'tg_job_dtl_id': 209859}
[2021-03-18 10:17:13] [60005] iBRM Job Already run shell script ==> {'memo': 'this job (IBRM_Archive.sh)  is already running', 'job_id': 73, 'tg_job_dtl_id': 209950}
[2021-03-18 10:18:32] [60005] iBRM Job Already run shell script ==> {'memo': 'this job (IBRM_Archive.sh)  is already running', 'job_id': 73, 'tg_job_dtl_id': 209950}
[2021-03-18 10:19:11] [60005] iBRM Job Already run shell script ==> {'memo': 'this job (IBRM_Archive.sh)  is already running', 'job_id': 73, 'tg_job_dtl_id': 209950}
[2021-03-18 10:20:24] [60005] iBRM Job Already run shell script ==> {'memo': 'this job (IBRM_Archive.sh)  is already running', 'job_id': 73, 'tg_job_dtl_id': 209859}
[2021-03-18 10:20:26] [60005] iBRM Job Already run shell script ==> {'memo': 'this job (IBRM_Archive.sh)  is already running', 'job_id': 73, 'tg_job_dtl_id': 209950}
[2021-03-18 10:20:28] [60005] iBRM Job Already run shell script ==> {'memo': 'this job (IBRM_Archive.sh)  is already running', 'job_id': 73, 'tg_job_dtl_id': 209950}
[2021-03-18 10:21:03] [60005] iBRM Job Already run shell script ==> {'memo': 'this job (IBRM_Archive.sh)  is already running', 'job_id': 73, 'tg_job_dtl_id': 209859}
[2021-03-18 10:21:05] [60005] iBRM Job Already run shell script ==> {'memo': 'this job (IBRM_Archive.sh)  is already running', 'job_id': 73, 'tg_job_dtl_id': 209950}
[2021-03-18 10:22:20] [60005] iBRM Job Already run shell script ==> {'memo': 'this job (IBRM_Archive.sh)  is already running', 'job_id': 73, 'tg_job_dtl_id': 209859}
[2021-03-18 10:22:22] [60005] iBRM Job Already run shell script ==> {'memo': 'this job (IBRM_Archive.sh)  is already running', 'job_id': 73, 'tg_job_dtl_id': 209950}
[2021-03-18 10:23:00] [60005] iBRM Job Already run shell script ==> {'memo': 'this job (IBRM_Archive.sh)  is already running', 'job_id': 73, 'tg_job_dtl_id': 209950}
[2021-03-18 10:23:02] [60005] iBRM Job Already run shell script ==> {'memo': 'this job (IBRM_Archive.sh)  is already running', 'job_id': 73, 'tg_job_dtl_id': 209950}
[2021-03-18 10:24:15] [60005] iBRM Job Already run shell script ==> {'memo': 'this job (IBRM_Archive.sh)  is already running', 'job_id': 73, 'tg_job_dtl_id': 209859}
[2021-03-18 10:24:18] [60005] iBRM Job Already run shell script ==> {'memo': 'this job (IBRM_Archive.sh)  is already running', 'job_id': 73, 'tg_job_dtl_id': 209950}
[2021-03-18 10:25:33] [60005] iBRM Job Already run shell script ==> {'memo': 'this job (IBRM_Incr_Level1_Weekly.sh)  is already running', 'job_id': 76, 'tg_job_dtl_id': 209927}
[2021-03-18 10:25:35] [60005] iBRM Job Already run shell script ==> {'memo': "this job (IBRM_Incr_Level1_Weekly.sh)  can't get a oracle session_key ", 'job_id': 76, 'tg_job_dtl_id': 209927}
[2021-03-18 10:25:48] [60005] iBRM Job Already run shell script ==> {'memo': "this job (IBRM_Archive.sh)  can't get a oracle session_key ", 'job_id': 73, 'tg_job_dtl_id': 209950}
[2021-03-18 10:25:49] [60005] iBRM Job Already run shell script ==> {'memo': "this job (IBRM_Archive.sh)  can't get a oracle session_key ", 'job_id': 73, 'tg_job_dtl_id': 209859}
[2021-03-18 10:26:13] [60005] iBRM Job Already run shell script ==> {'memo': 'this job (IBRM_Archive.sh)  is already running', 'job_id': 73, 'tg_job_dtl_id': 209859}
[2021-03-18 10:26:15] [60005] iBRM Job Already run shell script ==> {'memo': 'this job (IBRM_Archive.sh)  is already running', 'job_id': 73, 'tg_job_dtl_id': 209859}
[2021-03-18 10:26:18] [60005] iBRM Job Already run shell script ==> {'memo': 'this job (IBRM_Archive.sh)  is already running', 'job_id': 73, 'tg_job_dtl_id': 209950}
[2021-03-18 10:26:20] [60005] iBRM Job Already run shell script ==> {'memo': 'this job (IBRM_Archive.sh)  is already running', 'job_id': 73, 'tg_job_dtl_id': 209950}
[2021-03-18 10:26:52] [60005] iBRM Job Already run shell script ==> {'memo': 'this job (IBRM_Archive.sh)  is already running', 'job_id': 73, 'tg_job_dtl_id': 209859}
[2021-03-18 10:26:54] [60005] iBRM Job Already run shell script ==> {'memo': 'this job (IBRM_Archive.sh)  is already running', 'job_id': 73, 'tg_job_dtl_id': 209859}
[2021-03-18 10:26:56] [60005] iBRM Job Already run shell script ==> {'memo': 'this job (IBRM_Archive.sh)  is already running', 'job_id': 73, 'tg_job_dtl_id': 209950}
[2021-03-18 10:26:58] [60005] iBRM Job Already run shell script ==> {'memo': 'this job (IBRM_Archive.sh)  is already running', 'job_id': 73, 'tg_job_dtl_id': 209950}
[2021-03-18 10:27:31] [60005] iBRM Job Already run shell script ==> {'memo': 'this job (IBRM_Archive.sh)  is already running', 'job_id': 73, 'tg_job_dtl_id': 209859}
[2021-03-18 10:27:33] [60005] iBRM Job Already run shell script ==> {'memo': 'this job (IBRM_Archive.sh)  is already running', 'job_id': 73, 'tg_job_dtl_id': 209859}
[2021-03-18 10:27:35] [60005] iBRM Job Already run shell script ==> {'memo': 'this job (IBRM_Archive.sh)  is already running', 'job_id': 73, 'tg_job_dtl_id': 209950}
[2021-03-18 10:27:37] [60005] iBRM Job Already run shell script ==> {'memo': 'this job (IBRM_Archive.sh)  is already running', 'job_id': 73, 'tg_job_dtl_id': 209950}
[2021-03-18 10:28:09] [60005] iBRM Job Already run shell script ==> {'memo': 'this job (IBRM_Archive.sh)  is already running', 'job_id': 73, 'tg_job_dtl_id': 209859}
[2021-03-18 10:28:11] [60005] iBRM Job Already run shell script ==> {'memo': 'this job (IBRM_Archive.sh)  is already running', 'job_id': 73, 'tg_job_dtl_id': 209859}
[2021-03-18 10:28:13] [60005] iBRM Job Already run shell script ==> {'memo': 'this job (IBRM_Archive.sh)  is already running', 'job_id': 73, 'tg_job_dtl_id': 209950}
[2021-03-18 10:28:15] [60005] iBRM Job Already run shell script ==> {'memo': 'this job (IBRM_Archive.sh)  is already running', 'job_id': 73, 'tg_job_dtl_id': 209950}
[2021-03-18 10:28:48] [60005] iBRM Job Already run shell script ==> {'memo': 'this job (IBRM_Archive.sh)  is already running', 'job_id': 73, 'tg_job_dtl_id': 209859}
[2021-03-18 10:28:50] [60005] iBRM Job Already run shell script ==> {'memo': 'this job (IBRM_Archive.sh)  is already running', 'job_id': 73, 'tg_job_dtl_id': 209859}
[2021-03-18 10:28:52] [60005] iBRM Job Already run shell script ==> {'memo': 'this job (IBRM_Archive.sh)  is already running', 'job_id': 73, 'tg_job_dtl_id': 209950}
[2021-03-18 10:28:54] [60005] iBRM Job Already run shell script ==> {'memo': 'this job (IBRM_Archive.sh)  is already running', 'job_id': 73, 'tg_job_dtl_id': 209950}
[2021-03-18 10:29:26] [60005] iBRM Job Already run shell script ==> {'memo': 'this job (IBRM_Archive.sh)  is already running', 'job_id': 73, 'tg_job_dtl_id': 209859}
[2021-03-18 10:29:28] [60005] iBRM Job Already run shell script ==> {'memo': 'this job (IBRM_Archive.sh)  is already running', 'job_id': 73, 'tg_job_dtl_id': 209859}
[2021-03-18 10:29:30] [60005] iBRM Job Already run shell script ==> {'memo': 'this job (IBRM_Archive.sh)  is already running', 'job_id': 73, 'tg_job_dtl_id': 209950}
[2021-03-18 10:29:32] [60005] iBRM Job Already run shell script ==> {'memo': 'this job (IBRM_Archive.sh)  is already running', 'job_id': 73, 'tg_job_dtl_id': 209950}
[2021-03-18 10:30:05] [60005] iBRM Job Already run shell script ==> {'memo': 'this job (IBRM_Archive.sh)  is already running', 'job_id': 73, 'tg_job_dtl_id': 209859}
[2021-03-18 10:30:07] [60005] iBRM Job Already run shell script ==> {'memo': 'this job (IBRM_Archive.sh)  is already running', 'job_id': 73, 'tg_job_dtl_id': 209859}
[2021-03-18 10:30:09] [60005] iBRM Job Already run shell script ==> {'memo': 'this job (IBRM_Archive.sh)  is already running', 'job_id': 73, 'tg_job_dtl_id': 209950}
[2021-03-18 10:30:11] [60005] iBRM Job Already run shell script ==> {'memo': 'this job (IBRM_Archive.sh)  is already running', 'job_id': 73, 'tg_job_dtl_id': 209950}
[2021-03-18 10:30:44] [60005] iBRM Job Already run shell script ==> {'memo': 'this job (IBRM_Archive.sh)  is already running', 'job_id': 73, 'tg_job_dtl_id': 209859}
[2021-03-18 10:30:46] [60005] iBRM Job Already run shell script ==> {'memo': 'this job (IBRM_Archive.sh)  is already running', 'job_id': 73, 'tg_job_dtl_id': 209859}
[2021-03-18 10:30:48] [60005] iBRM Job Already run shell script ==> {'memo': 'this job (IBRM_Archive.sh)  is already running', 'job_id': 73, 'tg_job_dtl_id': 209950}
[2021-03-18 10:30:50] [60005] iBRM Job Already run shell script ==> {'memo': 'this job (IBRM_Archive.sh)  is already running', 'job_id': 73, 'tg_job_dtl_id': 209950}
[2021-03-18 10:31:23] [60005] iBRM Job Already run shell script ==> {'memo': 'this job (IBRM_Archive.sh)  is already running', 'job_id': 73, 'tg_job_dtl_id': 209859}
[2021-03-18 10:31:25] [60005] iBRM Job Already run shell script ==> {'memo': 'this job (IBRM_Archive.sh)  is already running', 'job_id': 73, 'tg_job_dtl_id': 209859}
[2021-03-18 10:31:27] [60005] iBRM Job Already run shell script ==> {'memo': 'this job (IBRM_Archive.sh)  is already running', 'job_id': 73, 'tg_job_dtl_id': 209950}
[2021-03-18 10:31:29] [60005] iBRM Job Already run shell script ==> {'memo': 'this job (IBRM_Archive.sh)  is already running', 'job_id': 73, 'tg_job_dtl_id': 209950}
[2021-03-18 10:32:01] [60005] iBRM Job Already run shell script ==> {'memo': 'this job (IBRM_Archive.sh)  is already running', 'job_id': 73, 'tg_job_dtl_id': 209859}
[2021-03-18 10:32:03] [60005] iBRM Job Already run shell script ==> {'memo': 'this job (IBRM_Archive.sh)  is already running', 'job_id': 73, 'tg_job_dtl_id': 209859}
[2021-03-18 10:32:05] [60005] iBRM Job Already run shell script ==> {'memo': 'this job (IBRM_Archive.sh)  is already running', 'job_id': 73, 'tg_job_dtl_id': 209950}
[2021-03-18 10:32:07] [60005] iBRM Job Already run shell script ==> {'memo': 'this job (IBRM_Archive.sh)  is already running', 'job_id': 73, 'tg_job_dtl_id': 209950}
[2021-03-18 10:32:40] [60005] iBRM Job Already run shell script ==> {'memo': 'this job (IBRM_Archive.sh)  is already running', 'job_id': 73, 'tg_job_dtl_id': 209859}
[2021-03-18 10:32:42] [60005] iBRM Job Already run shell script ==> {'memo': 'this job (IBRM_Archive.sh)  is already running', 'job_id': 73, 'tg_job_dtl_id': 209859}
[2021-03-18 10:32:44] [60005] iBRM Job Already run shell script ==> {'memo': 'this job (IBRM_Archive.sh)  is already running', 'job_id': 73, 'tg_job_dtl_id': 209950}
[2021-03-18 10:32:46] [60005] iBRM Job Already run shell script ==> {'memo': 'this job (IBRM_Archive.sh)  is already running', 'job_id': 73, 'tg_job_dtl_id': 209950}
[2021-03-18 10:33:18] [60005] iBRM Job Already run shell script ==> {'memo': 'this job (IBRM_Archive.sh)  is already running', 'job_id': 73, 'tg_job_dtl_id': 209859}
[2021-03-18 10:33:20] [60005] iBRM Job Already run shell script ==> {'memo': 'this job (IBRM_Archive.sh)  is already running', 'job_id': 73, 'tg_job_dtl_id': 209859}
[2021-03-18 10:33:22] [60005] iBRM Job Already run shell script ==> {'memo': 'this job (IBRM_Archive.sh)  is already running', 'job_id': 73, 'tg_job_dtl_id': 209950}
[2021-03-18 10:33:24] [60005] iBRM Job Already run shell script ==> {'memo': 'this job (IBRM_Archive.sh)  is already running', 'job_id': 73, 'tg_job_dtl_id': 209950}
[2021-03-18 10:33:57] [60005] iBRM Job Already run shell script ==> {'memo': 'this job (IBRM_Archive.sh)  is already running', 'job_id': 73, 'tg_job_dtl_id': 209859}
[2021-03-18 10:33:59] [60005] iBRM Job Already run shell script ==> {'memo': 'this job (IBRM_Archive.sh)  is already running', 'job_id': 73, 'tg_job_dtl_id': 209859}
[2021-03-18 10:34:01] [60005] iBRM Job Already run shell script ==> {'memo': 'this job (IBRM_Archive.sh)  is already running', 'job_id': 73, 'tg_job_dtl_id': 209950}
[2021-03-18 10:34:03] [60005] iBRM Job Already run shell script ==> {'memo': 'this job (IBRM_Archive.sh)  is already running', 'job_id': 73, 'tg_job_dtl_id': 209950}
[2021-03-18 10:34:35] [60005] iBRM Job Already run shell script ==> {'memo': 'this job (IBRM_Archive.sh)  is already running', 'job_id': 73, 'tg_job_dtl_id': 209859}
[2021-03-18 10:34:37] [60005] iBRM Job Already run shell script ==> {'memo': 'this job (IBRM_Archive.sh)  is already running', 'job_id': 73, 'tg_job_dtl_id': 209859}
[2021-03-18 10:34:39] [60005] iBRM Job Already run shell script ==> {'memo': 'this job (IBRM_Archive.sh)  is already running', 'job_id': 73, 'tg_job_dtl_id': 209950}
[2021-03-18 10:34:41] [60005] iBRM Job Already run shell script ==> {'memo': 'this job (IBRM_Archive.sh)  is already running', 'job_id': 73, 'tg_job_dtl_id': 209950}
[2021-03-18 10:35:14] [60005] iBRM Job Already run shell script ==> {'memo': 'this job (IBRM_Archive.sh)  is already running', 'job_id': 73, 'tg_job_dtl_id': 209859}
[2021-03-18 10:35:16] [60005] iBRM Job Already run shell script ==> {'memo': 'this job (IBRM_Archive.sh)  is already running', 'job_id': 73, 'tg_job_dtl_id': 209859}
[2021-03-18 10:35:18] [60005] iBRM Job Already run shell script ==> {'memo': 'this job (IBRM_Archive.sh)  is already running', 'job_id': 73, 'tg_job_dtl_id': 209950}
[2021-03-18 10:35:20] [60005] iBRM Job Already run shell script ==> {'memo': 'this job (IBRM_Archive.sh)  is already running', 'job_id': 73, 'tg_job_dtl_id': 209950}
[2021-03-18 10:35:52] [60005] iBRM Job Already run shell script ==> {'memo': 'this job (IBRM_Archive.sh)  is already running', 'job_id': 73, 'tg_job_dtl_id': 209859}
[2021-03-18 10:35:54] [60005] iBRM Job Already run shell script ==> {'memo': 'this job (IBRM_Archive.sh)  is already running', 'job_id': 73, 'tg_job_dtl_id': 209859}
[2021-03-18 10:35:57] [60005] iBRM Job Already run shell script ==> {'memo': 'this job (IBRM_Archive.sh)  is already running', 'job_id': 73, 'tg_job_dtl_id': 209950}
[2021-03-18 10:35:59] [60005] iBRM Job Already run shell script ==> {'memo': 'this job (IBRM_Archive.sh)  is already running', 'job_id': 73, 'tg_job_dtl_id': 209950}
[2021-03-18 10:36:31] [60005] iBRM Job Already run shell script ==> {'memo': 'this job (IBRM_Archive.sh)  is already running', 'job_id': 73, 'tg_job_dtl_id': 209859}
[2021-03-18 10:36:33] [60005] iBRM Job Already run shell script ==> {'memo': 'this job (IBRM_Archive.sh)  is already running', 'job_id': 73, 'tg_job_dtl_id': 209859}
[2021-03-18 10:36:35] [60005] iBRM Job Already run shell script ==> {'memo': 'this job (IBRM_Archive.sh)  is already running', 'job_id': 73, 'tg_job_dtl_id': 209950}
[2021-03-18 10:36:37] [60005] iBRM Job Already run shell script ==> {'memo': 'this job (IBRM_Archive.sh)  is already running', 'job_id': 73, 'tg_job_dtl_id': 209950}
[2021-03-18 10:37:10] [60005] iBRM Job Already run shell script ==> {'memo': 'this job (IBRM_Archive.sh)  is already running', 'job_id': 73, 'tg_job_dtl_id': 209859}
[2021-03-18 10:37:12] [60005] iBRM Job Already run shell script ==> {'memo': 'this job (IBRM_Archive.sh)  is already running', 'job_id': 73, 'tg_job_dtl_id': 209859}
[2021-03-18 10:37:14] [60005] iBRM Job Already run shell script ==> {'memo': 'this job (IBRM_Archive.sh)  is already running', 'job_id': 73, 'tg_job_dtl_id': 209950}
[2021-03-18 10:37:16] [60005] iBRM Job Already run shell script ==> {'memo': 'this job (IBRM_Archive.sh)  is already running', 'job_id': 73, 'tg_job_dtl_id': 209950}
[2021-03-18 10:37:48] [60005] iBRM Job Already run shell script ==> {'memo': 'this job (IBRM_Archive.sh)  is already running', 'job_id': 73, 'tg_job_dtl_id': 209859}
[2021-03-18 10:37:50] [60005] iBRM Job Already run shell script ==> {'memo': 'this job (IBRM_Archive.sh)  is already running', 'job_id': 73, 'tg_job_dtl_id': 209859}
[2021-03-18 10:37:52] [60005] iBRM Job Already run shell script ==> {'memo': 'this job (IBRM_Archive.sh)  is already running', 'job_id': 73, 'tg_job_dtl_id': 209950}
[2021-03-18 10:37:54] [60005] iBRM Job Already run shell script ==> {'memo': 'this job (IBRM_Archive.sh)  is already running', 'job_id': 73, 'tg_job_dtl_id': 209950}
[2021-03-18 10:38:27] [60005] iBRM Job Already run shell script ==> {'memo': 'this job (IBRM_Archive.sh)  is already running', 'job_id': 73, 'tg_job_dtl_id': 209859}
[2021-03-18 10:38:29] [60005] iBRM Job Already run shell script ==> {'memo': 'this job (IBRM_Archive.sh)  is already running', 'job_id': 73, 'tg_job_dtl_id': 209859}
[2021-03-18 10:38:31] [60005] iBRM Job Already run shell script ==> {'memo': 'this job (IBRM_Archive.sh)  is already running', 'job_id': 73, 'tg_job_dtl_id': 209950}
[2021-03-18 10:38:33] [60005] iBRM Job Already run shell script ==> {'memo': 'this job (IBRM_Archive.sh)  is already running', 'job_id': 73, 'tg_job_dtl_id': 209950}
[2021-03-18 10:39:05] [60005] iBRM Job Already run shell script ==> {'memo': 'this job (IBRM_Archive.sh)  is already running', 'job_id': 73, 'tg_job_dtl_id': 209859}
[2021-03-18 10:39:07] [60005] iBRM Job Already run shell script ==> {'memo': 'this job (IBRM_Archive.sh)  is already running', 'job_id': 73, 'tg_job_dtl_id': 209859}
[2021-03-18 10:39:09] [60005] iBRM Job Already run shell script ==> {'memo': 'this job (IBRM_Archive.sh)  is already running', 'job_id': 73, 'tg_job_dtl_id': 209950}
[2021-03-18 10:39:11] [60005] iBRM Job Already run shell script ==> {'memo': 'this job (IBRM_Archive.sh)  is already running', 'job_id': 73, 'tg_job_dtl_id': 209950}
[2021-03-18 10:39:44] [60005] iBRM Job Already run shell script ==> {'memo': 'this job (IBRM_Archive.sh)  is already running', 'job_id': 73, 'tg_job_dtl_id': 209859}
[2021-03-18 10:39:46] [60005] iBRM Job Already run shell script ==> {'memo': 'this job (IBRM_Archive.sh)  is already running', 'job_id': 73, 'tg_job_dtl_id': 209859}
[2021-03-18 10:39:48] [60005] iBRM Job Already run shell script ==> {'memo': 'this job (IBRM_Archive.sh)  is already running', 'job_id': 73, 'tg_job_dtl_id': 209950}
[2021-03-18 10:39:50] [60005] iBRM Job Already run shell script ==> {'memo': 'this job (IBRM_Archive.sh)  is already running', 'job_id': 73, 'tg_job_dtl_id': 209950}
[2021-03-18 10:40:22] [60005] iBRM Job Already run shell script ==> {'memo': 'this job (IBRM_Archive.sh)  is already running', 'job_id': 73, 'tg_job_dtl_id': 209859}
[2021-03-18 10:40:24] [60005] iBRM Job Already run shell script ==> {'memo': 'this job (IBRM_Archive.sh)  is already running', 'job_id': 73, 'tg_job_dtl_id': 209859}
[2021-03-18 10:40:27] [60005] iBRM Job Already run shell script ==> {'memo': 'this job (IBRM_Archive.sh)  is already running', 'job_id': 73, 'tg_job_dtl_id': 209950}
[2021-03-18 10:40:29] [60005] iBRM Job Already run shell script ==> {'memo': 'this job (IBRM_Archive.sh)  is already running', 'job_id': 73, 'tg_job_dtl_id': 209950}
[2021-03-18 10:41:01] [60005] iBRM Job Already run shell script ==> {'memo': 'this job (IBRM_Archive.sh)  is already running', 'job_id': 73, 'tg_job_dtl_id': 209859}
[2021-03-18 10:41:03] [60005] iBRM Job Already run shell script ==> {'memo': 'this job (IBRM_Archive.sh)  is already running', 'job_id': 73, 'tg_job_dtl_id': 209859}
[2021-03-18 10:41:05] [60005] iBRM Job Already run shell script ==> {'memo': 'this job (IBRM_Archive.sh)  is already running', 'job_id': 73, 'tg_job_dtl_id': 209950}
[2021-03-18 10:41:07] [60005] iBRM Job Already run shell script ==> {'memo': 'this job (IBRM_Archive.sh)  is already running', 'job_id': 73, 'tg_job_dtl_id': 209950}
[2021-03-18 10:41:42] [60005] iBRM Job Already run shell script ==> {'memo': 'this job (IBRM_Archive.sh)  is already running', 'job_id': 73, 'tg_job_dtl_id': 209859}
[2021-03-18 10:41:44] [60005] iBRM Job Already run shell script ==> {'memo': 'this job (IBRM_Archive.sh)  is already running', 'job_id': 73, 'tg_job_dtl_id': 209950}
[2021-03-18 10:41:46] [60005] iBRM Job Already run shell script ==> {'memo': 'this job (IBRM_Archive.sh)  is already running', 'job_id': 73, 'tg_job_dtl_id': 209950}
[2021-03-18 10:42:22] [60005] iBRM Job Already run shell script ==> {'memo': 'this job (IBRM_Archive.sh)  is already running', 'job_id': 73, 'tg_job_dtl_id': 209950}
[2021-03-18 10:42:24] [60005] iBRM Job Already run shell script ==> {'memo': 'this job (IBRM_Archive.sh)  is already running', 'job_id': 73, 'tg_job_dtl_id': 209950}
[2021-03-18 10:42:59] [60005] iBRM Job Already run shell script ==> {'memo': 'this job (IBRM_Archive.sh)  is already running', 'job_id': 73, 'tg_job_dtl_id': 209859}
[2021-03-18 10:43:01] [60005] iBRM Job Already run shell script ==> {'memo': 'this job (IBRM_Archive.sh)  is already running', 'job_id': 73, 'tg_job_dtl_id': 209950}
[2021-03-18 10:43:03] [60005] iBRM Job Already run shell script ==> {'memo': 'this job (IBRM_Archive.sh)  is already running', 'job_id': 73, 'tg_job_dtl_id': 209950}
[2021-03-18 10:43:37] [60005] iBRM Job Already run shell script ==> {'memo': 'this job (IBRM_Archive.sh)  is already running', 'job_id': 73, 'tg_job_dtl_id': 209859}
[2021-03-18 10:43:39] [60005] iBRM Job Already run shell script ==> {'memo': 'this job (IBRM_Archive.sh)  is already running', 'job_id': 73, 'tg_job_dtl_id': 209950}
[2021-03-18 10:44:16] [60005] iBRM Job Already run shell script ==> {'memo': 'this job (IBRM_Archive.sh)  is already running', 'job_id': 73, 'tg_job_dtl_id': 209859}
[2021-03-18 10:44:18] [60005] iBRM Job Already run shell script ==> {'memo': 'this job (IBRM_Archive.sh)  is already running', 'job_id': 73, 'tg_job_dtl_id': 209950}
[2021-03-18 10:44:57] [60005] iBRM Job Already run shell script ==> {'memo': 'this job (IBRM_Archive.sh)  is already running', 'job_id': 73, 'tg_job_dtl_id': 209950}
[2021-03-18 10:44:59] [60005] iBRM Job Already run shell script ==> {'memo': 'this job (IBRM_Archive.sh)  is already running', 'job_id': 73, 'tg_job_dtl_id': 209950}
[2021-03-18 10:45:33] [60005] iBRM Job Already run shell script ==> {'memo': 'this job (IBRM_Archive.sh)  is already running', 'job_id': 73, 'tg_job_dtl_id': 209859}
[2021-03-18 10:45:35] [60005] iBRM Job Already run shell script ==> {'memo': 'this job (IBRM_Archive.sh)  is already running', 'job_id': 73, 'tg_job_dtl_id': 209950}
[2021-03-18 10:45:37] [60005] iBRM Job Already run shell script ==> {'memo': 'this job (IBRM_Archive.sh)  is already running', 'job_id': 73, 'tg_job_dtl_id': 209950}
[2021-03-18 10:46:14] [60005] iBRM Job Already run shell script ==> {'memo': 'this job (IBRM_Archive.sh)  is already running', 'job_id': 73, 'tg_job_dtl_id': 209950}
[2021-03-18 10:46:16] [60005] iBRM Job Already run shell script ==> {'memo': 'this job (IBRM_Archive.sh)  is already running', 'job_id': 73, 'tg_job_dtl_id': 209950}
[2021-03-18 10:48:07] [60005] iBRM Job Already run shell script ==> {'memo': 'this job (IBRM_Archive.sh)  is already running', 'job_id': 73, 'tg_job_dtl_id': 209859}
[2021-03-18 10:48:09] [60005] iBRM Job Already run shell script ==> {'memo': 'this job (IBRM_Archive.sh)  is already running', 'job_id': 73, 'tg_job_dtl_id': 209950}
[2021-03-18 10:50:03] [60005] iBRM Job Already run shell script ==> {'memo': 'this job (IBRM_Archive.sh)  is already running', 'job_id': 73, 'tg_job_dtl_id': 209859}
[2021-03-18 10:50:05] [60005] iBRM Job Already run shell script ==> {'memo': 'this job (IBRM_Archive.sh)  is already running', 'job_id': 73, 'tg_job_dtl_id': 209950}
[2021-03-18 10:50:42] [60005] iBRM Job Already run shell script ==> {'memo': 'this job (IBRM_Archive.sh)  is already running', 'job_id': 73, 'tg_job_dtl_id': 209859}
[2021-03-18 10:50:44] [60005] iBRM Job Already run shell script ==> {'memo': 'this job (IBRM_Archive.sh)  is already running', 'job_id': 73, 'tg_job_dtl_id': 209950}
[2021-03-18 10:51:59] [60005] iBRM Job Already run shell script ==> {'memo': 'this job (IBRM_Archive.sh)  is already running', 'job_id': 73, 'tg_job_dtl_id': 209859}
[2021-03-18 10:52:01] [60005] iBRM Job Already run shell script ==> {'memo': 'this job (IBRM_Archive.sh)  is already running', 'job_id': 73, 'tg_job_dtl_id': 209950}
[2021-03-18 10:52:41] [60005] iBRM Job Already run shell script ==> {'memo': 'this job (IBRM_Archive.sh)  is already running', 'job_id': 73, 'tg_job_dtl_id': 209950}
[2021-03-18 10:53:16] [60005] iBRM Job Already run shell script ==> {'memo': 'this job (IBRM_Archive.sh)  is already running', 'job_id': 73, 'tg_job_dtl_id': 209859}
[2021-03-18 10:53:18] [60005] iBRM Job Already run shell script ==> {'memo': 'this job (IBRM_Archive.sh)  is already running', 'job_id': 73, 'tg_job_dtl_id': 209950}
[2021-03-18 10:53:54] [60005] iBRM Job Already run shell script ==> {'memo': 'this job (IBRM_Archive.sh)  is already running', 'job_id': 73, 'tg_job_dtl_id': 209859}
[2021-03-18 10:53:57] [60005] iBRM Job Already run shell script ==> {'memo': 'this job (IBRM_Archive.sh)  is already running', 'job_id': 73, 'tg_job_dtl_id': 209950}
[2021-03-18 10:58:29] [60005] iBRM Job Already run shell script ==> {'memo': 'this job (IBRM_Archive.sh)  is already running', 'job_id': 73, 'tg_job_dtl_id': 209950}
[2021-03-18 10:59:05] [60005] iBRM Job Already run shell script ==> {'memo': 'this job (IBRM_Archive.sh)  is already running', 'job_id': 73, 'tg_job_dtl_id': 209950}
[2021-03-18 10:59:07] [60005] iBRM Job Already run shell script ==> {'memo': 'this job (IBRM_Archive.sh)  is already running', 'job_id': 73, 'tg_job_dtl_id': 209950}
[2021-03-18 11:02:59] [60005] iBRM Job Already run shell script ==> {'memo': 'this job (IBRM_Archive.sh)  is already running', 'job_id': 73, 'tg_job_dtl_id': 209859}
[2021-03-18 11:03:01] [60005] iBRM Job Already run shell script ==> {'memo': 'this job (IBRM_Archive.sh)  is already running', 'job_id': 73, 'tg_job_dtl_id': 209950}
[2021-03-18 11:03:03] [60005] iBRM Job Already run shell script ==> {'memo': 'this job (IBRM_Archive.sh)  is already running', 'job_id': 73, 'tg_job_dtl_id': 209950}
[2021-03-18 11:03:40] [60005] iBRM Job Already run shell script ==> {'memo': 'this job (IBRM_Archive.sh)  is already running', 'job_id': 73, 'tg_job_dtl_id': 209950}
[2021-03-18 11:03:42] [60005] iBRM Job Already run shell script ==> {'memo': 'this job (IBRM_Archive.sh)  is already running', 'job_id': 73, 'tg_job_dtl_id': 209950}
[2021-03-18 11:04:16] [60005] iBRM Job Already run shell script ==> {'memo': 'this job (IBRM_Archive.sh)  is already running', 'job_id': 73, 'tg_job_dtl_id': 209859}
[2021-03-18 11:04:18] [60005] iBRM Job Already run shell script ==> {'memo': 'this job (IBRM_Archive.sh)  is already running', 'job_id': 73, 'tg_job_dtl_id': 209950}
[2021-03-18 11:04:55] [60005] iBRM Job Already run shell script ==> {'memo': 'this job (IBRM_Archive.sh)  is already running', 'job_id': 73, 'tg_job_dtl_id': 209859}
[2021-03-18 11:04:57] [60005] iBRM Job Already run shell script ==> {'memo': 'this job (IBRM_Archive.sh)  is already running', 'job_id': 73, 'tg_job_dtl_id': 209950}
[2021-03-18 11:06:12] [60005] iBRM Job Already run shell script ==> {'memo': 'this job (IBRM_Archive.sh)  is already running', 'job_id': 73, 'tg_job_dtl_id': 209859}
[2021-03-18 11:06:14] [60005] iBRM Job Already run shell script ==> {'memo': 'this job (IBRM_Archive.sh)  is already running', 'job_id': 73, 'tg_job_dtl_id': 209950}
